[+] Containers:
 |- [+] Container: /Game/InjuredWalkPart2/Demo/Maps/ThirdPersonMap
 |   |- [+] ActorDescs:
 |   |   |- Guid:01ED6FA34909773B33D656A1E3DF42F8 BaseClass: NativeClass:/Script/Engine.SkeletalMeshActor Name:SkeletalMeshActor_UAID_B00CD162E1E7C02302_1278337261 Label:Anim_BrokenLegsSlowForwardRight01 SpatiallyLoaded:1 Bounds:IsValid=true, Min=(X=1887.903 Y=1014.078 Z=-7.397), Max=(X=2064.139 Y=1183.384 Z=41.505) RuntimeGrid:None EditorOnly:0 RuntimeOnly:0 HLODRelevant:0
 |   |   |- Guid:038849A94674E0CD0EAECD924DFB72D7 BaseClass: NativeClass:/Script/Engine.SkeletalMeshActor Name:SkeletalMeshActor_UAID_B00CD162E1E7C02302_1281082262 Label:Anim_BrokenLegsSlowLeft01 SpatiallyLoaded:1 Bounds:IsValid=true, Min=(X=2311.580 Y=860.620 Z=-7.381), Max=(X=2528.414 Y=925.039 Z=41.494) RuntimeGrid:None EditorOnly:0 RuntimeOnly:0 HLODRelevant:0
 |   |   |- Guid:132C0447424DFABA419CB0B7F3DDBC97 BaseClass: NativeClass:/Script/Engine.SkeletalMeshActor Name:SkeletalMeshActor_UAID_B00CD162E1E7C02302_1265478257 Label:Anim_BrokenLegsSlowBackwardLeft01 SpatiallyLoaded:1 Bounds:IsValid=true, Min=(X=2349.249 Y=525.340 Z=-7.402), Max=(X=2515.443 Y=704.029 Z=41.992) RuntimeGrid:None EditorOnly:0 RuntimeOnly:0 HLODRelevant:0
 |   |   |- Guid:16D858A84F1A95750A6F78B12B9E148B BaseClass: NativeClass:/Script/Engine.SkeletalMeshActor Name:SkeletalMeshActor_UAID_B00CD162E1E7C02302_1386397285 Label:Anim_CrawlSlowForward02 SpatiallyLoaded:1 Bounds:IsValid=true, Min=(X=775.733 Y=3115.972 Z=-5.256), Max=(X=863.891 Y=3251.611 Z=67.829) RuntimeGrid:None EditorOnly:0 RuntimeOnly:0 HLODRelevant:0
 |   |   |- Guid:179BF31542AAEA4F0CBA6EA7D3C46F84 BaseClass: NativeClass:/Script/Engine.SkeletalMeshActor Name:SkeletalMeshActor_UAID_B00CD162E1E7C02302_1533097307 Label:Anim_LeanOnWallFastBackwardLeft01 SpatiallyLoaded:1 Bounds:IsValid=true, Min=(X=2358.456 Y=3859.477 Z=-0.722), Max=(X=2456.896 Y=3929.667 Z=170.068) RuntimeGrid:None EditorOnly:0 RuntimeOnly:0 HLODRelevant:0
 |   |   |- Guid:1DB255404A86BD82730AA0B986E51CE9 BaseClass: NativeClass:/Script/Engine.SkeletalMeshActor Name:SkeletalMeshActor_UAID_B00CD162E1E7C02302_1548685313 Label:Anim_LeanOnWallFastRight01 SpatiallyLoaded:1 Bounds:IsValid=true, Min=(X=1958.386 Y=4156.041 Z=-0.780), Max=(X=2067.187 Y=4234.498 Z=156.301) RuntimeGrid:None EditorOnly:0 RuntimeOnly:0 HLODRelevant:0
 |   |   |- Guid:1EF91DCC4A1D93B69AD608AA37B14A2B BaseClass: NativeClass:/Script/Engine.SkeletalMeshActor Name:SkeletalMeshActor_UAID_B00CD162E1E7C02302_1268621258 Label:Anim_BrokenLegsSlowBackwardRight01 SpatiallyLoaded:1 Bounds:IsValid=true, Min=(X=1874.555 Y=525.336 Z=-7.390), Max=(X=2040.713 Y=704.173 Z=41.500) RuntimeGrid:None EditorOnly:0 RuntimeOnly:0 HLODRelevant:0
 |   |   |- Guid:20316B7C4ED62CFC3F89CFB1C15996A0 BaseClass: NativeClass:/Script/Engine.SkeletalMeshActor Name:SkeletalMeshActor_UAID_B00CD162E1E7C02302_1213537249 Label:Anim_BrokenLegsFastBackwardRight01 SpatiallyLoaded:1 Bounds:IsValid=true, Min=(X=464.631 Y=485.327 Z=-7.377), Max=(X=636.884 Y=665.915 Z=41.502) RuntimeGrid:None EditorOnly:0 RuntimeOnly:0 HLODRelevant:0
 |   |   |- Guid:20C43FD8457A03F84D85EA8B768D9D7B BaseClass: NativeClass:/Script/Engine.SkeletalMeshActor Name:SkeletalMeshActor_UAID_B00CD162E1E7C02302_1411166290 Label:Anim_CrawlSlowBackward01 SpatiallyLoaded:1 Bounds:IsValid=true, Min=(X=2139.115 Y=2723.390 Z=-4.690), Max=(X=2227.263 Y=2858.780 Z=65.618) RuntimeGrid:None EditorOnly:0 RuntimeOnly:0 HLODRelevant:0
 |   |   |- Guid:21E9939941AF07DA1E4E6B97E3A24B07 BaseClass: NativeClass:/Script/Engine.SkeletalMeshActor Name:SkeletalMeshActor_UAID_B00CD162E1E7C02302_1740012315 Label:Anim_LeanOnWallPose04 SpatiallyLoaded:1 Bounds:IsValid=true, Min=(X=1473.143 Y=4952.988 Z=-7.643), Max=(X=1554.681 Y=5050.658 Z=109.534) RuntimeGrid:None EditorOnly:0 RuntimeOnly:0 HLODRelevant:0
 |   |   |- Guid:252FE3414A56BC70DBD2ADB90DD720A8 BaseClass: NativeClass:/Script/Engine.SkeletalMeshActor Name:SkeletalMeshActor_UAID_B00CD162E1E7C02302_1743988316 Label:Anim_LeanOnWallPose01 SpatiallyLoaded:1 Bounds:IsValid=true, Min=(X=1656.887 Y=4995.505 Z=-0.121), Max=(X=1736.304 Y=5065.395 Z=159.923) RuntimeGrid:None EditorOnly:0 RuntimeOnly:0 HLODRelevant:0
 |   |   |- Guid:259831804619EA1328930C8BDBEF600F BaseClass: NativeClass:/Script/Engine.SkeletalMeshActor Name:SkeletalMeshActor_UAID_B00CD162E1E7C02302_1546660312 Label:Anim_LeanOnWallFastLeft01 SpatiallyLoaded:1 Bounds:IsValid=true, Min=(X=2351.421 Y=4167.056 Z=-0.777), Max=(X=2460.034 Y=4245.717 Z=156.296) RuntimeGrid:None EditorOnly:0 RuntimeOnly:0 HLODRelevant:0
 |   |   |- Guid:27B87DA245B11C1ABB998BB831403B39 BaseClass: NativeClass:/Script/Engine.SkeletalMeshActor Name:SkeletalMeshActor_UAID_B00CD162E1E7C02302_1304788265 Label:Anim_CrawlFastBackwardLeft02 SpatiallyLoaded:1 Bounds:IsValid=true, Min=(X=952.126 Y=1756.538 Z=-5.320), Max=(X=1099.156 Y=1851.468 Z=65.659) RuntimeGrid:None EditorOnly:0 RuntimeOnly:0 HLODRelevant:0
 |   |   |- Guid:2CB8DEC649859333F1AD56AF7A922192 BaseClass: NativeClass:/Script/Engine.SkeletalMeshActor Name:SkeletalMeshActor_UAID_B00CD162E1E7C02302_1201750247 Label:Anim_BrokenLegsFastBackward01 SpatiallyLoaded:1 Bounds:IsValid=true, Min=(X=767.441 Y=474.018 Z=-7.371), Max=(X=830.588 Y=696.406 Z=41.502) RuntimeGrid:None EditorOnly:0 RuntimeOnly:0 HLODRelevant:0
 |   |   |- Guid:2FB58999456391D349DC0F86DAC136ED BaseClass: NativeClass:/Script/Engine.SkyLight Name:SkyLight_1 Label:SkyLight SpatiallyLoaded:0 Bounds:IsValid=true, Min=(X=0.000 Y=0.000 Z=690.000), Max=(X=0.000 Y=0.000 Z=690.000) RuntimeGrid:None EditorOnly:0 RuntimeOnly:0 HLODRelevant:0 FolderPath:Lighting FolderGuid:963EC3EB4002CCE9759E2EBA541A873A
 |   |   |- Guid:316CF2A6494ACA4C0E4180A87D36AB8F BaseClass: NativeClass:/Script/Engine.ExponentialHeightFog Name:ExponentialHeightFog_0 Label:ExponentialHeightFog SpatiallyLoaded:0 Bounds:IsValid=true, Min=(X=-5600.000 Y=-50.000 Z=-6850.000), Max=(X=-5600.000 Y=-50.000 Z=-6850.000) RuntimeGrid:None EditorOnly:0 RuntimeOnly:0 HLODRelevant:0 FolderPath:Lighting FolderGuid:963EC3EB4002CCE9759E2EBA541A873A
 |   |   |- Guid:3A00AA1C422CE54C0BDB60BAF471BFBB BaseClass: NativeClass:/Script/Engine.PlayerStart Name:PlayerStart_0 Label:PlayerStart SpatiallyLoaded:0 Bounds:IsValid=true, Min=(X=860.000 Y=1070.000 Z=0.013), Max=(X=940.000 Y=1150.000 Z=184.013) RuntimeGrid:None EditorOnly:0 RuntimeOnly:0 HLODRelevant:0
 |   |   |- Guid:3C0C0B2648F28A11AB9F8D8693B60B5A BaseClass: NativeClass:/Script/Engine.SkeletalMeshActor Name:SkeletalMeshActor_UAID_B00CD162E1E7C02302_1343186276 Label:Anim_CrawlFastForwardLeft01 SpatiallyLoaded:1 Bounds:IsValid=true, Min=(X=2336.430 Y=2164.338 Z=-4.775), Max=(X=2479.361 Y=2267.132 Z=69.500) RuntimeGrid:None EditorOnly:0 RuntimeOnly:0 HLODRelevant:0
 |   |   |- Guid:402388F147BA86F8E419BEB276EE494E BaseClass: NativeClass:/Script/Engine.SkeletalMeshActor Name:SkeletalMeshActor_UAID_B00CD162E1E7C02302_1350265279 Label:Anim_CrawlFastRight01 SpatiallyLoaded:1 Bounds:IsValid=true, Min=(X=1885.955 Y=1983.885 Z=-4.775), Max=(X=2050.419 Y=2069.413 Z=69.502) RuntimeGrid:None EditorOnly:0 RuntimeOnly:0 HLODRelevant:0
 |   |   |- Guid:41F050A947248762A14F5792E3FE7A0E BaseClass: NativeClass:/Script/Engine.SkeletalMeshActor Name:SkeletalMeshActor_UAID_B00CD162E1E7C02302_1312794268 Label:Anim_CrawlFastForwardLeft02 SpatiallyLoaded:1 Bounds:IsValid=true, Min=(X=972.584 Y=2137.882 Z=-5.342), Max=(X=1077.614 Y=2279.185 Z=69.494) RuntimeGrid:None EditorOnly:0 RuntimeOnly:0 HLODRelevant:0
 |   |   |- Guid:42244A374112FEDD392F808ABE731560 BaseClass: NativeClass:/Script/Engine.SkeletalMeshActor Name:SkeletalMeshActor_UAID_B00CD162E1E7C02302_1363874280 Label:Anim_CrawlPose02 SpatiallyLoaded:1 Bounds:IsValid=true, Min=(X=1279.373 Y=2429.297 Z=-5.223), Max=(X=1367.533 Y=2555.560 Z=65.145) RuntimeGrid:None EditorOnly:0 RuntimeOnly:0 HLODRelevant:0
 |   |   |- Guid:422F95B44759869EF8AB0281ED579C01 BaseClass: NativeClass:/Script/Engine.SkeletalMeshActor Name:SkeletalMeshActor_UAID_B00CD162E1E7C02302_1347704278 Label:Anim_CrawlFastLeft01 SpatiallyLoaded:1 Bounds:IsValid=true, Min=(X=2324.415 Y=1987.648 Z=-4.775), Max=(X=2489.052 Y=2073.279 Z=69.522) RuntimeGrid:None EditorOnly:0 RuntimeOnly:0 HLODRelevant:0
 |   |   |- Guid:4598C32E4C309C74CE1A87A81472E81D BaseClass: NativeClass:/Script/Engine.SkeletalMeshActor Name:SkeletalMeshActor_UAID_B00CD162E1E7C02302_1507569303 Label:Anim_LeanOnWallFastForwardRight02 SpatiallyLoaded:1 Bounds:IsValid=true, Min=(X=566.064 Y=4350.834 Z=-0.790), Max=(X=641.655 Y=4461.356 Z=156.361) RuntimeGrid:None EditorOnly:0 RuntimeOnly:0 HLODRelevant:0
 |   |   |- Guid:4810B49D4ABBAD6353A5C3A10A028759 BaseClass: NativeClass:/Script/Engine.SkeletalMeshActor Name:SkeletalMeshActor_UAID_B00CD162E1E7C02302_1541432310 Label:Anim_LeanOnWallFastForwardLeft01 SpatiallyLoaded:1 Bounds:IsValid=true, Min=(X=2365.377 Y=4358.923 Z=-0.843), Max=(X=2440.864 Y=4469.901 Z=156.344) RuntimeGrid:None EditorOnly:0 RuntimeOnly:0 HLODRelevant:0
 |   |   |- Guid:490A4FE24DEC18DD58B20DBCCFF8D436 BaseClass: NativeClass:/Script/Engine.SkeletalMeshActor Name:SkeletalMeshActor_UAID_B00CD162E1E7C02302_1310627267 Label:Anim_CrawlFastForward02 SpatiallyLoaded:1 Bounds:IsValid=true, Min=(X=766.733 Y=2139.976 Z=-5.330), Max=(X=854.891 Y=2302.614 Z=69.498) RuntimeGrid:None EditorOnly:0 RuntimeOnly:0 HLODRelevant:0
 |   |   |- Guid:4B5CA2E94DE25F16E4DCB9A14146A82E BaseClass: NativeClass:/Script/Engine.SkeletalMeshActor Name:SkeletalMeshActor_UAID_B00CD162E1E7C02302_1413612291 Label:Anim_CrawlSlowBackwardLeft01 SpatiallyLoaded:1 Bounds:IsValid=true, Min=(X=2354.332 Y=2736.886 Z=-4.699), Max=(X=2449.588 Y=2864.860 Z=65.392) RuntimeGrid:None EditorOnly:0 RuntimeOnly:0 HLODRelevant:0
 |   |   |- Guid:4D3BE93F4146AAAC8BBE79999D96D57F BaseClass: NativeClass:/Script/Engine.VolumetricCloud Name:VolumetricCloud_0 Label:VolumetricCloud SpatiallyLoaded:0 Bounds:IsValid=true, Min=(X=0.000 Y=0.000 Z=820.000), Max=(X=0.000 Y=0.000 Z=820.000) RuntimeGrid:None EditorOnly:0 RuntimeOnly:0 HLODRelevant:0 FolderPath:Lighting FolderGuid:963EC3EB4002CCE9759E2EBA541A873A
 |   |   |- Guid:532A257946AF217BF88A4A9FC516D720 BaseClass: NativeClass:/Script/Engine.SkeletalMeshActor Name:SkeletalMeshActor_UAID_B00CD162E1E7C02302_1337871274 Label:Anim_CrawlFastBackwardRight01 SpatiallyLoaded:1 Bounds:IsValid=true, Min=(X=1912.789 Y=1763.449 Z=-4.770), Max=(X=2059.890 Y=1858.522 Z=65.616) RuntimeGrid:None EditorOnly:0 RuntimeOnly:0 HLODRelevant:0
 |   |   |- Guid:59C8F7274270587FFF5970993D16FB5D BaseClass: NativeClass:/Script/Engine.SkeletalMeshActor Name:SkeletalMeshActor_UAID_B00CD162E1E7C02302_1307422266 Label:Anim_CrawlFastBackwardRight02 SpatiallyLoaded:1 Bounds:IsValid=true, Min=(X=538.126 Y=1729.581 Z=-5.338), Max=(X=646.058 Y=1870.222 Z=65.476) RuntimeGrid:None EditorOnly:0 RuntimeOnly:0 HLODRelevant:0
 |   |   |- Guid:5B97F4A64FB21F77EFC44386BF705B4C BaseClass: NativeClass:/Script/Engine.TextRenderActor Name:TextRenderActor_1 Label:TextRenderActor SpatiallyLoaded:1 Bounds:IsValid=true, Min=(X=-0.100 Y=1100.000 Z=65.013), Max=(X=-0.100 Y=2392.308 Z=215.013) RuntimeGrid:None EditorOnly:0 RuntimeOnly:0 HLODRelevant:0
 |   |   |- Guid:5C6D110D4EFBCCCA7D0A4B8DD61F4EFA BaseClass: NativeClass:/Script/Engine.SkeletalMeshActor Name:SkeletalMeshActor_UAID_B00CD162E1E7C02302_1495061299 Label:Anim_LeanOnWallFastBackwardLeft02 SpatiallyLoaded:1 Bounds:IsValid=true, Min=(X=984.639 Y=3864.039 Z=-0.720), Max=(X=1055.363 Y=3961.499 Z=170.064) RuntimeGrid:None EditorOnly:0 RuntimeOnly:0 HLODRelevant:0
 |   |   |- Guid:5CA7BBC24FE2AFE813DF4AA3A6E0CCFB BaseClass: NativeClass:/Script/Engine.SkeletalMeshActor Name:SkeletalMeshActor_UAID_B00CD162E1E7C02302_1527982306 Label:Anim_LeanOnWallFastBackward01 SpatiallyLoaded:1 Bounds:IsValid=true, Min=(X=2164.190 Y=3858.280 Z=-0.721), Max=(X=2243.105 Y=3964.382 Z=170.068) RuntimeGrid:None EditorOnly:0 RuntimeOnly:0 HLODRelevant:0
 |   |   |- Guid:5EEB552D4AD8248E52B3ADAEBA1E37BB BaseClass: NativeClass:/Script/Engine.SkeletalMeshActor Name:SkeletalMeshActor_UAID_B00CD162E1E7C02302_1254629255 Label:Anim_BrokenLegsPose01 SpatiallyLoaded:1 Bounds:IsValid=true, Min=(X=1563.044 Y=705.823 Z=-7.218), Max=(X=1638.076 Y=900.906 Z=35.667) RuntimeGrid:None EditorOnly:0 RuntimeOnly:0 HLODRelevant:0
 |   |   |- Guid:6BAF4DDD444C60371492D3919DB42C97 BaseClass: NativeClass:/Script/Engine.WorldDataLayers Name:WorldDataLayers Label:WorldDataLayers SpatiallyLoaded:0 Bounds:IsValid=true, Min=(X=0.000 Y=0.000 Z=0.000), Max=(X=0.000 Y=0.000 Z=0.000) RuntimeGrid:None EditorOnly:0 RuntimeOnly:0 HLODRelevant:0
 |   |   |- Guid:6BDA79F345CBB17A6F481AA52D9C6959 BaseClass: NativeClass:/Script/Engine.SkeletalMeshActor Name:SkeletalMeshActor_UAID_B00CD162E1E7C02302_1395886289 Label:Anim_CrawlSlowRight02 SpatiallyLoaded:1 Bounds:IsValid=true, Min=(X=536.495 Y=2996.658 Z=-5.256), Max=(X=673.572 Y=3082.516 Z=67.956) RuntimeGrid:None EditorOnly:0 RuntimeOnly:0 HLODRelevant:0
 |   |   |- Guid:7041124D4EFB9272F4EE02B2784D904F BaseClass: NativeClass:/Script/Engine.SkeletalMeshActor Name:SkeletalMeshActor_UAID_B00CD162E1E7C02302_1504709302 Label:Anim_LeanOnWallFastForwardLeft02 SpatiallyLoaded:1 Bounds:IsValid=true, Min=(X=947.667 Y=4369.270 Z=-0.700), Max=(X=1057.898 Y=4447.585 Z=156.348) RuntimeGrid:None EditorOnly:0 RuntimeOnly:0 HLODRelevant:0
 |   |   |- Guid:71951EE74F42EA169FE12685246A046A BaseClass: NativeClass:/Script/Engine.SkeletalMeshActor Name:SkeletalMeshActor_UAID_B00CD162E1E7C02302_1335623273 Label:Anim_CrawlFastBackwardLeft01 SpatiallyLoaded:1 Bounds:IsValid=true, Min=(X=2347.860 Y=1724.535 Z=-4.771), Max=(X=2455.970 Y=1865.360 Z=65.616) RuntimeGrid:None EditorOnly:0 RuntimeOnly:0 HLODRelevant:0
 |   |   |- Guid:738F54E54C17F37138AE84A6DD010C5F BaseClass: NativeClass:/Script/Engine.SkeletalMeshActor Name:SkeletalMeshActor_UAID_B00CD162E1E7C02302_1273321259 Label:Anim_BrokenLegsSlowForward01 SpatiallyLoaded:1 Bounds:IsValid=true, Min=(X=2172.439 Y=991.508 Z=-7.394), Max=(X=2236.931 Y=1208.404 Z=41.502) RuntimeGrid:None EditorOnly:0 RuntimeOnly:0 HLODRelevant:0
 |   |   |- Guid:77563B1F4B5DFC2DBA35B19E72A909AE BaseClass: NativeClass:/Script/Engine.SkeletalMeshActor Name:SkeletalMeshActor_UAID_B00CD162E1E7C02302_1320377271 Label:Anim_CrawlFastRight02 SpatiallyLoaded:1 Bounds:IsValid=true, Min=(X=506.899 Y=1990.637 Z=-5.333), Max=(X=671.643 Y=2076.294 Z=69.525) RuntimeGrid:None EditorOnly:0 RuntimeOnly:0 HLODRelevant:0
 |   |   |- Guid:7FB388DD467CCEC23EFC9DB43EFFB4DB BaseClass: NativeClass:/Script/Engine.SkeletalMeshActor Name:SkeletalMeshActor_UAID_B00CD162E1E7C02302_1380254283 Label:Anim_CrawlSlowBackwardLeft02 SpatiallyLoaded:1 Bounds:IsValid=true, Min=(X=943.055 Y=2759.993 Z=-5.257), Max=(X=1070.474 Y=2858.423 Z=65.644) RuntimeGrid:None EditorOnly:0 RuntimeOnly:0 HLODRelevant:0
 |   |   |- Guid:8D5BA70844849422EB33A3AA2DBBC88D BaseClass: NativeClass:/Script/Engine.SkeletalMeshActor Name:SkeletalMeshActor_UAID_B00CD162E1E7C02302_1391709287 Label:Anim_CrawlSlowForwardRight02 SpatiallyLoaded:1 Bounds:IsValid=true, Min=(X=548.954 Y=3163.096 Z=-5.267), Max=(X=677.108 Y=3257.982 Z=67.883) RuntimeGrid:None EditorOnly:0 RuntimeOnly:0 HLODRelevant:0
 |   |   |- Guid:905E40A84B9D293321D23FB88A96EDD2 BaseClass: NativeClass:/Script/Engine.SkeletalMeshActor Name:SkeletalMeshActor_UAID_B00CD162E1E7C02302_1421217294 Label:Anim_CrawlSlowForwardLeft01 SpatiallyLoaded:1 Bounds:IsValid=true, Min=(X=2337.842 Y=3161.002 Z=-4.697), Max=(X=2466.087 Y=3255.971 Z=67.867) RuntimeGrid:None EditorOnly:0 RuntimeOnly:0 HLODRelevant:0
 |   |   |- Guid:932F47DC4E7BA44E8A3F818C16DA76F8 BaseClass: NativeClass:/Script/Engine.SkeletalMeshActor Name:SkeletalMeshActor_UAID_B00CD162E1E7C02302_1426416296 Label:Anim_CrawlSlowLeft01 SpatiallyLoaded:1 Bounds:IsValid=true, Min=(X=2340.495 Y=3002.669 Z=-4.702), Max=(X=2477.390 Y=3088.496 Z=67.915) RuntimeGrid:None EditorOnly:0 RuntimeOnly:0 HLODRelevant:0
 |   |   |- Guid:970842A84EC1BD7CFCB6169B9C745103 BaseClass: NativeClass:/Script/Engine.SkeletalMeshActor Name:SkeletalMeshActor_UAID_B00CD162E1E7C02302_1737624314 Label:Anim_LeanOnWallPose02 SpatiallyLoaded:1 Bounds:IsValid=true, Min=(X=1263.673 Y=4976.363 Z=-0.139), Max=(X=1343.033 Y=5046.371 Z=159.920) RuntimeGrid:None EditorOnly:0 RuntimeOnly:0 HLODRelevant:0
 |   |   |- Guid:974EEC92484DF60CE4D9AE9A406BAA18 BaseClass: NativeClass:/Script/Engine.SkeletalMeshActor Name:SkeletalMeshActor_UAID_B00CD162E1E7C02302_1315100269 Label:Anim_CrawlFastForwardRight02 SpatiallyLoaded:1 Bounds:IsValid=true, Min=(X=526.829 Y=2170.435 Z=-5.337), Max=(X=669.524 Y=2272.993 Z=69.444) RuntimeGrid:None EditorOnly:0 RuntimeOnly:0 HLODRelevant:0
 |   |   |- Guid:98B9D9FB4A80FF0E5A1E38ABA9DDC625 BaseClass: NativeClass:/Script/Engine.SkeletalMeshActor Name:SkeletalMeshActor_UAID_B00CD162E1E7C02302_1502462301 Label:Anim_LeanOnWallFastForward02 SpatiallyLoaded:1 Bounds:IsValid=true, Min=(X=759.126 Y=4339.170 Z=-0.710), Max=(X=834.701 Y=4447.934 Z=156.343) RuntimeGrid:None EditorOnly:0 RuntimeOnly:0 HLODRelevant:0
 |   |   |- Guid:A3914D394625808A77F18E9A3F8E4EFB BaseClass: NativeClass:/Script/Engine.SkeletalMeshActor Name:SkeletalMeshActor_UAID_B00CD162E1E7C02302_1283215263 Label:Anim_BrokenLegsSlowRight01 SpatiallyLoaded:1 Bounds:IsValid=true, Min=(X=1864.437 Y=856.648 Z=-7.430), Max=(X=2081.413 Y=921.028 Z=42.618) RuntimeGrid:None EditorOnly:0 RuntimeOnly:0 HLODRelevant:0
 |   |   |- Guid:A3BAF198467B422305DA01BF3D6AAEB6 BaseClass: NativeClass:/Script/Engine.SkeletalMeshActor Name:SkeletalMeshActor_UAID_B00CD162E1E7C02302_1220928251 Label:Anim_BrokenLegsFastForwardLeft01 SpatiallyLoaded:1 Bounds:IsValid=true, Min=(X=921.815 Y=975.709 Z=-7.387), Max=(X=1093.300 Y=1158.712 Z=41.495) RuntimeGrid:None EditorOnly:0 RuntimeOnly:0 HLODRelevant:0
 |   |   |- Guid:A7B2939C47219684793F1C92E4D762D6 BaseClass: NativeClass:/Script/Engine.SkeletalMeshActor Name:SkeletalMeshActor_UAID_B00CD162E1E7C02302_1543659311 Label:Anim_LeanOnWallFastForwardRight01 SpatiallyLoaded:1 Bounds:IsValid=true, Min=(X=1957.496 Y=4383.333 Z=-0.767), Max=(X=2068.226 Y=4461.470 Z=156.346) RuntimeGrid:None EditorOnly:0 RuntimeOnly:0 HLODRelevant:0
 |   |   |- Guid:A8171AB54202F8E498E2E28E3FD0EF8A BaseClass: NativeClass:/Script/Engine.SkeletalMeshActor Name:SkeletalMeshActor_UAID_B00CD162E1E7C02302_1317566270 Label:Anim_CrawlFastLeft02 SpatiallyLoaded:1 Bounds:IsValid=true, Min=(X=942.496 Y=1980.872 Z=-5.347), Max=(X=1107.085 Y=2066.415 Z=69.492) RuntimeGrid:None EditorOnly:0 RuntimeOnly:0 HLODRelevant:0
 |   |   |- Guid:ACAECC074070B175408A8884B31B921C BaseClass: NativeClass:/Script/Engine.SkeletalMeshActor Name:SkeletalMeshActor_UAID_B00CD162E1E7C02302_1536387308 Label:Anim_LeanOnWallFastBackwardRight01 SpatiallyLoaded:1 Bounds:IsValid=true, Min=(X=1958.598 Y=3861.066 Z=-0.721), Max=(X=2029.308 Y=3958.501 Z=170.068) RuntimeGrid:None EditorOnly:0 RuntimeOnly:0 HLODRelevant:0
 |   |   |- Guid:AE966B4F4C5558EED76252A7BE615646 BaseClass: NativeClass:/Script/Engine.SkeletalMeshActor Name:SkeletalMeshActor_UAID_B00CD162E1E7C02302_1377950282 Label:Anim_CrawlSlowBackward02 SpatiallyLoaded:1 Bounds:IsValid=true, Min=(X=767.733 Y=2736.270 Z=-5.253), Max=(X=855.894 Y=2871.904 Z=65.549) RuntimeGrid:None EditorOnly:0 RuntimeOnly:0 HLODRelevant:0
 |   |   |- Guid:B785ED2844B84CFB91E7F39FE661CD99 BaseClass: NativeClass:/Script/Engine.DirectionalLight Name:DirectionalLight_0 Label:DirectionalLight SpatiallyLoaded:0 Bounds:IsValid=true, Min=(X=-4398046511104.000 Y=-4398046511104.000 Z=-4398046511104.000), Max=(X=4398046511104.000 Y=4398046511104.000 Z=4398046511104.000) RuntimeGrid:None EditorOnly:0 RuntimeOnly:0 HLODRelevant:0 FolderPath:Lighting FolderGuid:963EC3EB4002CCE9759E2EBA541A873A
 |   |   |- Guid:BA3929034E93B130BB74D4A0D61F22A5 BaseClass: NativeClass:/Script/Engine.SkeletalMeshActor Name:SkeletalMeshActor_UAID_B00CD162E1E7C02302_1492576298 Label:Anim_LeanOnWallFastBackward02 SpatiallyLoaded:1 Bounds:IsValid=true, Min=(X=763.977 Y=3835.253 Z=-0.717), Max=(X=842.793 Y=3941.410 Z=170.069) RuntimeGrid:None EditorOnly:0 RuntimeOnly:0 HLODRelevant:0
 |   |   |- Guid:BC1E09B94F88A7923BC05E84D314189E BaseClass: NativeClass:/Script/Engine.SkeletalMeshActor Name:SkeletalMeshActor_UAID_B00CD162E1E7C02302_1345201277 Label:Anim_CrawlFastForwardRight01 SpatiallyLoaded:1 Bounds:IsValid=true, Min=(X=1922.261 Y=2141.835 Z=-4.778), Max=(X=2027.513 Y=2283.355 Z=69.500) RuntimeGrid:None EditorOnly:0 RuntimeOnly:0 HLODRelevant:0
 |   |   |- Guid:BC92B1C64A581B0020FF10AFFB2ED4CD BaseClass: NativeClass:/Script/Engine.SkeletalMeshActor Name:SkeletalMeshActor_UAID_B00CD162E1E7C02302_1394130288 Label:Anim_CrawlSlowLeft02 SpatiallyLoaded:1 Bounds:IsValid=true, Min=(X=925.580 Y=2959.651 Z=-5.262), Max=(X=1062.507 Y=3045.393 Z=67.764) RuntimeGrid:None EditorOnly:0 RuntimeOnly:0 HLODRelevant:0
 |   |   |- Guid:BEF6E251467F332E5179A7AE76B264C5 BaseClass: NativeClass:/Script/Engine.SkeletalMeshActor Name:SkeletalMeshActor_UAID_B00CD162E1E7C02302_1423087295 Label:Anim_CrawlSlowForwardRight01 SpatiallyLoaded:1 Bounds:IsValid=true, Min=(X=1937.655 Y=3141.591 Z=-4.691), Max=(X=2030.446 Y=3270.146 Z=67.870) RuntimeGrid:None EditorOnly:0 RuntimeOnly:0 HLODRelevant:0
 |   |   |- Guid:C0F43FD642A48AFCA80605B8747D1949 BaseClass: NativeClass:/Script/Engine.SkeletalMeshActor Name:SkeletalMeshActor_UAID_B00CD162E1E7C02302_1419360293 Label:Anim_CrawlSlowForward01 SpatiallyLoaded:1 Bounds:IsValid=true, Min=(X=2138.114 Y=3137.095 Z=-4.693), Max=(X=2226.263 Y=3272.488 Z=67.873) RuntimeGrid:None EditorOnly:0 RuntimeOnly:0 HLODRelevant:0
 |   |   |- Guid:C1E0F2C64399AA6D54BCD59CF0225C68 BaseClass: NativeClass:/Script/Engine.SkeletalMeshActor Name:SkeletalMeshActor_UAID_B00CD162E1E7C02302_1416635292 Label:Anim_CrawlSlowBackwardRight01 SpatiallyLoaded:1 Bounds:IsValid=true, Min=(X=1901.480 Y=2762.900 Z=-4.692), Max=(X=2028.985 Y=2861.421 Z=65.615) RuntimeGrid:None EditorOnly:0 RuntimeOnly:0 HLODRelevant:0
 |   |   |- Guid:C44BA8B74E663452A06F94B3E9EC68AB BaseClass: NativeClass:/Script/Engine.SkeletalMeshActor Name:SkeletalMeshActor_UAID_B00CD162E1E7C02302_1429138297 Label:Anim_CrawlSlowRight01 SpatiallyLoaded:1 Bounds:IsValid=true, Min=(X=1930.602 Y=2995.666 Z=-4.692), Max=(X=2067.331 Y=3081.391 Z=67.872) RuntimeGrid:None EditorOnly:0 RuntimeOnly:0 HLODRelevant:0
 |   |   |- Guid:CA14880C45542C3A250820A4530165AC BaseClass: NativeClass:/Script/Engine.SkeletalMeshActor Name:SkeletalMeshActor_UAID_B00CD162E1E7C02302_1512398305 Label:Anim_LeanOnWallFastRight02 SpatiallyLoaded:1 Bounds:IsValid=true, Min=(X=534.067 Y=4153.843 Z=-0.713), Max=(X=642.688 Y=4231.410 Z=156.369) RuntimeGrid:None EditorOnly:0 RuntimeOnly:0 HLODRelevant:0
 |   |   |- Guid:CC9B0B184FDEDE3F606FC0BCA1473C36 BaseClass: NativeClass:/Script/Engine.SkeletalMeshActor Name:SkeletalMeshActor_UAID_B00CD162E1E7C02302_1227549254 Label:Anim_BrokenLegsFastRight01 SpatiallyLoaded:1 Bounds:IsValid=true, Min=(X=473.946 Y=845.863 Z=-6.346), Max=(X=697.734 Y=914.228 Z=41.994) RuntimeGrid:None EditorOnly:0 RuntimeOnly:0 HLODRelevant:0
 |   |   |- Guid:CCFF262C46EEFFDF319E7F9539CE697E BaseClass: NativeClass:/Script/Engine.SkyAtmosphere Name:SkyAtmosphere_0 Label:SkyAtmosphere SpatiallyLoaded:0 Bounds:IsValid=true, Min=(X=0.000 Y=0.000 Z=1020.000), Max=(X=0.000 Y=0.000 Z=1020.000) RuntimeGrid:None EditorOnly:0 RuntimeOnly:0 HLODRelevant:0 FolderPath:Lighting FolderGuid:963EC3EB4002CCE9759E2EBA541A873A
 |   |   |- Guid:CFCBFDAB41EB97F9248608B52BAEB000 BaseClass: NativeClass:/Script/Engine.SkeletalMeshActor Name:SkeletalMeshActor_UAID_B00CD162E1E7C02302_1302235264 Label:Anim_CrawlFastBackward02 SpatiallyLoaded:1 Bounds:IsValid=true, Min=(X=768.733 Y=1727.267 Z=-5.323), Max=(X=856.893 Y=1888.974 Z=65.551) RuntimeGrid:None EditorOnly:0 RuntimeOnly:0 HLODRelevant:0
 |   |   |- Guid:D14137504ADD861A6C1C8C9BFCECF176 BaseClass: NativeClass:/Script/Engine.SkeletalMeshActor Name:SkeletalMeshActor_UAID_B00CD162E1E7C02302_1218983250 Label:Anim_BrokenLegsFastForward01 SpatiallyLoaded:1 Bounds:IsValid=true, Min=(X=777.442 Y=972.508 Z=-7.389), Max=(X=839.061 Y=1196.357 Z=41.495) RuntimeGrid:None EditorOnly:0 RuntimeOnly:0 HLODRelevant:0
 |   |   |- Guid:D2F663B94FB955A965C2EBB0D1EDC283 BaseClass: NativeClass:/Script/Engine.SkeletalMeshActor Name:SkeletalMeshActor_UAID_B00CD162E1E7C02302_1275507260 Label:Anim_BrokenLegsSlowForwardLeft01 SpatiallyLoaded:1 Bounds:IsValid=true, Min=(X=2315.862 Y=985.081 Z=-7.399), Max=(X=2491.964 Y=1154.417 Z=41.719) RuntimeGrid:None EditorOnly:0 RuntimeOnly:0 HLODRelevant:0
 |   |   |- Guid:D8ECCD33477137D931894F86D80FC43B BaseClass: NativeClass:/Script/Engine.SkeletalMeshActor Name:SkeletalMeshActor_UAID_B00CD162E1E7C02302_1222867252 Label:Anim_BrokenLegsFastForwardRight01 SpatiallyLoaded:1 Bounds:IsValid=true, Min=(X=493.683 Y=1001.710 Z=-7.414), Max=(X=665.180 Y=1184.559 Z=41.957) RuntimeGrid:None EditorOnly:0 RuntimeOnly:0 HLODRelevant:0
 |   |   |- Guid:DBEA14494087E83B1F79F9A511DC044C BaseClass: NativeClass:/Script/Engine.SkeletalMeshActor Name:SkeletalMeshActor_UAID_B00CD162E1E7C02302_1389582286 Label:Anim_CrawlSlowForwardLeft02 SpatiallyLoaded:1 Bounds:IsValid=true, Min=(X=967.650 Y=3114.644 Z=-5.268), Max=(X=1060.358 Y=3243.103 Z=67.802) RuntimeGrid:None EditorOnly:0 RuntimeOnly:0 HLODRelevant:0
 |   |   |- Guid:E1C724EE4760BD41CD9543917CF51874 BaseClass: NativeClass:/Script/Engine.SkeletalMeshActor Name:SkeletalMeshActor_UAID_B00CD162E1E7C02302_1333612272 Label:Anim_CrawlFastBackward01 SpatiallyLoaded:1 Bounds:IsValid=true, Min=(X=2143.115 Y=1735.389 Z=-4.768), Max=(X=2231.263 Y=1896.858 Z=65.618) RuntimeGrid:None EditorOnly:0 RuntimeOnly:0 HLODRelevant:0
 |   |   |- Guid:E20DF16F4527F5A5214474AAFDEEF3FD BaseClass: NativeClass:/Script/Engine.SkeletalMeshActor Name:SkeletalMeshActor_UAID_B00CD162E1E7C02302_1497247300 Label:Anim_LeanOnWallFastBackwardRight02 SpatiallyLoaded:1 Bounds:IsValid=true, Min=(X=538.073 Y=3868.524 Z=-0.720), Max=(X=636.536 Y=3938.716 Z=170.043) RuntimeGrid:None EditorOnly:0 RuntimeOnly:0 HLODRelevant:0
 |   |   |- Guid:E3043A894A2DE60A2062F89CBCB04DF2 BaseClass: NativeClass:/Script/Engine.SkeletalMeshActor Name:SkeletalMeshActor_UAID_B00CD162E1E7C02302_1745953317 Label:Anim_LeanOnWallPose03 SpatiallyLoaded:1 Bounds:IsValid=true, Min=(X=1888.314 Y=4959.042 Z=-7.748), Max=(X=1969.934 Y=5056.597 Z=109.533) RuntimeGrid:None EditorOnly:0 RuntimeOnly:0 HLODRelevant:0
 |   |   |- Guid:E71A6BE4437CF0BBADE14AAA69A86F6E BaseClass: NativeClass:/Script/Engine.SkeletalMeshActor Name:SkeletalMeshActor_UAID_B00CD162E1E7C02302_1208075248 Label:Anim_BrokenLegsFastBackwardLeft01 SpatiallyLoaded:1 Bounds:IsValid=true, Min=(X=942.079 Y=502.328 Z=-7.406), Max=(X=1114.364 Y=682.766 Z=41.974) RuntimeGrid:None EditorOnly:0 RuntimeOnly:0 HLODRelevant:0
 |   |   |- Guid:EB87FB7D47EBB66501D4CCBC505178F4 BaseClass: NativeClass:/Script/Engine.SkeletalMeshActor Name:SkeletalMeshActor_UAID_B00CD162E1E7C02302_1340875275 Label:Anim_CrawlFastForward01 SpatiallyLoaded:1 Bounds:IsValid=true, Min=(X=2141.115 Y=2131.092 Z=-4.779), Max=(X=2229.263 Y=2293.546 Z=69.501) RuntimeGrid:None EditorOnly:0 RuntimeOnly:0 HLODRelevant:0
 |   |   |- Guid:EC4E0C944CE6AC6E784BC6BB2916EA13 BaseClass: NativeClass:/Script/Engine.StaticMeshActor Name:StaticMeshActor_UAID_A4AE111137DC5EFB00_1110535423 Label:SM_SkySphere SpatiallyLoaded:0 Bounds:IsValid=true, Min=(X=-1638400.000 Y=-1638400.000 Z=-1638400.000), Max=(X=1638400.000 Y=1638400.000 Z=1638400.000) RuntimeGrid:None EditorOnly:0 RuntimeOnly:0 HLODRelevant:1 FolderPath:Lighting FolderGuid:963EC3EB4002CCE9759E2EBA541A873A
 |   |   |- Guid:EC9F4F774B92EDCE62D4CEAD979C0F7F BaseClass: NativeClass:/Script/Engine.SkeletalMeshActor Name:SkeletalMeshActor_UAID_B00CD162E1E7C02302_1510274304 Label:Anim_LeanOnWallFastLeft02 SpatiallyLoaded:1 Bounds:IsValid=true, Min=(X=953.684 Y=4156.348 Z=-0.712), Max=(X=1062.638 Y=4233.691 Z=156.283) RuntimeGrid:None EditorOnly:0 RuntimeOnly:0 HLODRelevant:0
 |   |   |- Guid:F1030B21404AFBD082D1E1B509861E85 BaseClass: NativeClass:/Script/Engine.SkeletalMeshActor Name:SkeletalMeshActor_UAID_B00CD162E1E7C02302_1539238309 Label:Anim_LeanOnWallFastForward01 SpatiallyLoaded:1 Bounds:IsValid=true, Min=(X=2166.989 Y=4349.297 Z=-0.780), Max=(X=2243.637 Y=4457.946 Z=156.321) RuntimeGrid:None EditorOnly:0 RuntimeOnly:0 HLODRelevant:0
 |   |   |- Guid:F1924B8D48954B30891B2DB6A694F9CC BaseClass: NativeClass:/Script/Engine.StaticMeshActor Name:StaticMeshActor_1 Label:SM_Cube SpatiallyLoaded:1 Bounds:IsValid=true, Min=(X=0.000 Y=0.000 Z=-50.000), Max=(X=7230.000 Y=6760.000 Z=0.000) RuntimeGrid:None EditorOnly:0 RuntimeOnly:0 HLODRelevant:1 FolderPath:Playground FolderGuid:C73F09FC4215536B1DCE2A9E0A830C70
 |   |   |- Guid:F2B92E664F43D20BFA2CEA9D4C901903 BaseClass: NativeClass:/Script/Engine.SkeletalMeshActor Name:SkeletalMeshActor_UAID_B00CD162E1E7C02302_1368378281 Label:Anim_CrawlPose01 SpatiallyLoaded:1 Bounds:IsValid=true, Min=(X=1563.475 Y=2449.408 Z=-4.651), Max=(X=1651.624 Y=2575.445 Z=65.319) RuntimeGrid:None EditorOnly:0 RuntimeOnly:0 HLODRelevant:0
 |   |   |- Guid:F527320D4CBE6C24FE719289D22C0B71 BaseClass: NativeClass:/Script/Engine.SkeletalMeshActor Name:SkeletalMeshActor_UAID_B00CD162E1E7C02302_1225696253 Label:Anim_BrokenLegsFastLeft01 SpatiallyLoaded:1 Bounds:IsValid=true, Min=(X=932.259 Y=840.851 Z=-6.318), Max=(X=1155.888 Y=909.240 Z=41.666) RuntimeGrid:None EditorOnly:0 RuntimeOnly:0 HLODRelevant:0
 |   |   |- Guid:F5E3FEB3450C49844FD93DA8E083C8AD BaseClass: NativeClass:/Script/Engine.PostProcessVolume Name:PostProcessVolume_0 Label:PostProcessVolume SpatiallyLoaded:0 Bounds:IsValid=true, Min=(X=0.000 Y=0.000 Z=400.000), Max=(X=200.000 Y=200.000 Z=600.000) RuntimeGrid:None EditorOnly:0 RuntimeOnly:0 HLODRelevant:0 FolderPath:Lighting FolderGuid:963EC3EB4002CCE9759E2EBA541A873A
 |   |   |- Guid:F76A45B34B3C98B5D6E8A99F49422FBB BaseClass: NativeClass:/Script/Engine.SkeletalMeshActor Name:SkeletalMeshActor_UAID_B00CD162E1E7C02302_1382532284 Label:Anim_CrawlSlowBackwardRight02 SpatiallyLoaded:1 Bounds:IsValid=true, Min=(X=548.069 Y=2732.891 Z=-5.263), Max=(X=643.432 Y=2860.961 Z=65.479) RuntimeGrid:None EditorOnly:0 RuntimeOnly:0 HLODRelevant:0
 |   |   |- Guid:F82DAFB74361777873A2AC9F1242520C BaseClass: NativeClass:/Script/Engine.SkeletalMeshActor Name:SkeletalMeshActor_UAID_B00CD162E1E7C02302_1262308256 Label:Anim_BrokenLegsSlowBackward01 SpatiallyLoaded:1 Bounds:IsValid=true, Min=(X=2175.439 Y=508.019 Z=-7.394), Max=(X=2239.934 Y=724.915 Z=41.502) RuntimeGrid:None EditorOnly:0 RuntimeOnly:0 HLODRelevant:0
 |   |- [+] Clusters:
 |   |   |- [+] [  0]
 |   |   |   |- Guid:EC4E0C944CE6AC6E784BC6BB2916EA13 BaseClass: NativeClass:/Script/Engine.StaticMeshActor Name:StaticMeshActor_UAID_A4AE111137DC5EFB00_1110535423 Label:SM_SkySphere SpatiallyLoaded:0 Bounds:IsValid=true, Min=(X=-1638400.000 Y=-1638400.000 Z=-1638400.000), Max=(X=1638400.000 Y=1638400.000 Z=1638400.000) RuntimeGrid:None EditorOnly:0 RuntimeOnly:0 HLODRelevant:1 FolderPath:Lighting FolderGuid:963EC3EB4002CCE9759E2EBA541A873A
 |   |   |- [+] [  1]
 |   |   |   |- Guid:3A00AA1C422CE54C0BDB60BAF471BFBB BaseClass: NativeClass:/Script/Engine.PlayerStart Name:PlayerStart_0 Label:PlayerStart SpatiallyLoaded:0 Bounds:IsValid=true, Min=(X=860.000 Y=1070.000 Z=0.013), Max=(X=940.000 Y=1150.000 Z=184.013) RuntimeGrid:None EditorOnly:0 RuntimeOnly:0 HLODRelevant:0
 |   |   |- [+] [  2]
 |   |   |   |- Guid:CCFF262C46EEFFDF319E7F9539CE697E BaseClass: NativeClass:/Script/Engine.SkyAtmosphere Name:SkyAtmosphere_0 Label:SkyAtmosphere SpatiallyLoaded:0 Bounds:IsValid=true, Min=(X=0.000 Y=0.000 Z=1020.000), Max=(X=0.000 Y=0.000 Z=1020.000) RuntimeGrid:None EditorOnly:0 RuntimeOnly:0 HLODRelevant:0 FolderPath:Lighting FolderGuid:963EC3EB4002CCE9759E2EBA541A873A
 |   |   |- [+] [  3]
 |   |   |   |- Guid:B785ED2844B84CFB91E7F39FE661CD99 BaseClass: NativeClass:/Script/Engine.DirectionalLight Name:DirectionalLight_0 Label:DirectionalLight SpatiallyLoaded:0 Bounds:IsValid=true, Min=(X=-4398046511104.000 Y=-4398046511104.000 Z=-4398046511104.000), Max=(X=4398046511104.000 Y=4398046511104.000 Z=4398046511104.000) RuntimeGrid:None EditorOnly:0 RuntimeOnly:0 HLODRelevant:0 FolderPath:Lighting FolderGuid:963EC3EB4002CCE9759E2EBA541A873A
 |   |   |- [+] [  4]
 |   |   |   |- Guid:F1924B8D48954B30891B2DB6A694F9CC BaseClass: NativeClass:/Script/Engine.StaticMeshActor Name:StaticMeshActor_1 Label:SM_Cube SpatiallyLoaded:1 Bounds:IsValid=true, Min=(X=0.000 Y=0.000 Z=-50.000), Max=(X=7230.000 Y=6760.000 Z=0.000) RuntimeGrid:None EditorOnly:0 RuntimeOnly:0 HLODRelevant:1 FolderPath:Playground FolderGuid:C73F09FC4215536B1DCE2A9E0A830C70
 |   |   |- [+] [  5]
 |   |   |   |- Guid:5B97F4A64FB21F77EFC44386BF705B4C BaseClass: NativeClass:/Script/Engine.TextRenderActor Name:TextRenderActor_1 Label:TextRenderActor SpatiallyLoaded:1 Bounds:IsValid=true, Min=(X=-0.100 Y=1100.000 Z=65.013), Max=(X=-0.100 Y=2392.308 Z=215.013) RuntimeGrid:None EditorOnly:0 RuntimeOnly:0 HLODRelevant:0
 |   |   |- [+] [  6]
 |   |   |   |- Guid:4D3BE93F4146AAAC8BBE79999D96D57F BaseClass: NativeClass:/Script/Engine.VolumetricCloud Name:VolumetricCloud_0 Label:VolumetricCloud SpatiallyLoaded:0 Bounds:IsValid=true, Min=(X=0.000 Y=0.000 Z=820.000), Max=(X=0.000 Y=0.000 Z=820.000) RuntimeGrid:None EditorOnly:0 RuntimeOnly:0 HLODRelevant:0 FolderPath:Lighting FolderGuid:963EC3EB4002CCE9759E2EBA541A873A
 |   |   |- [+] [  7]
 |   |   |   |- Guid:316CF2A6494ACA4C0E4180A87D36AB8F BaseClass: NativeClass:/Script/Engine.ExponentialHeightFog Name:ExponentialHeightFog_0 Label:ExponentialHeightFog SpatiallyLoaded:0 Bounds:IsValid=true, Min=(X=-5600.000 Y=-50.000 Z=-6850.000), Max=(X=-5600.000 Y=-50.000 Z=-6850.000) RuntimeGrid:None EditorOnly:0 RuntimeOnly:0 HLODRelevant:0 FolderPath:Lighting FolderGuid:963EC3EB4002CCE9759E2EBA541A873A
 |   |   |- [+] [  8]
 |   |   |   |- Guid:6BAF4DDD444C60371492D3919DB42C97 BaseClass: NativeClass:/Script/Engine.WorldDataLayers Name:WorldDataLayers Label:WorldDataLayers SpatiallyLoaded:0 Bounds:IsValid=true, Min=(X=0.000 Y=0.000 Z=0.000), Max=(X=0.000 Y=0.000 Z=0.000) RuntimeGrid:None EditorOnly:0 RuntimeOnly:0 HLODRelevant:0
 |   |   |- [+] [  9]
 |   |   |   |- Guid:F5E3FEB3450C49844FD93DA8E083C8AD BaseClass: NativeClass:/Script/Engine.PostProcessVolume Name:PostProcessVolume_0 Label:PostProcessVolume SpatiallyLoaded:0 Bounds:IsValid=true, Min=(X=0.000 Y=0.000 Z=400.000), Max=(X=200.000 Y=200.000 Z=600.000) RuntimeGrid:None EditorOnly:0 RuntimeOnly:0 HLODRelevant:0 FolderPath:Lighting FolderGuid:963EC3EB4002CCE9759E2EBA541A873A
 |   |   |- [+] [ 10]
 |   |   |   |- Guid:2FB58999456391D349DC0F86DAC136ED BaseClass: NativeClass:/Script/Engine.SkyLight Name:SkyLight_1 Label:SkyLight SpatiallyLoaded:0 Bounds:IsValid=true, Min=(X=0.000 Y=0.000 Z=690.000), Max=(X=0.000 Y=0.000 Z=690.000) RuntimeGrid:None EditorOnly:0 RuntimeOnly:0 HLODRelevant:0 FolderPath:Lighting FolderGuid:963EC3EB4002CCE9759E2EBA541A873A
 |   |   |- [+] [ 11]
 |   |   |   |- Guid:2CB8DEC649859333F1AD56AF7A922192 BaseClass: NativeClass:/Script/Engine.SkeletalMeshActor Name:SkeletalMeshActor_UAID_B00CD162E1E7C02302_1201750247 Label:Anim_BrokenLegsFastBackward01 SpatiallyLoaded:1 Bounds:IsValid=true, Min=(X=767.441 Y=474.018 Z=-7.371), Max=(X=830.588 Y=696.406 Z=41.502) RuntimeGrid:None EditorOnly:0 RuntimeOnly:0 HLODRelevant:0
 |   |   |- [+] [ 12]
 |   |   |   |- Guid:E71A6BE4437CF0BBADE14AAA69A86F6E BaseClass: NativeClass:/Script/Engine.SkeletalMeshActor Name:SkeletalMeshActor_UAID_B00CD162E1E7C02302_1208075248 Label:Anim_BrokenLegsFastBackwardLeft01 SpatiallyLoaded:1 Bounds:IsValid=true, Min=(X=942.079 Y=502.328 Z=-7.406), Max=(X=1114.364 Y=682.766 Z=41.974) RuntimeGrid:None EditorOnly:0 RuntimeOnly:0 HLODRelevant:0
 |   |   |- [+] [ 13]
 |   |   |   |- Guid:20316B7C4ED62CFC3F89CFB1C15996A0 BaseClass: NativeClass:/Script/Engine.SkeletalMeshActor Name:SkeletalMeshActor_UAID_B00CD162E1E7C02302_1213537249 Label:Anim_BrokenLegsFastBackwardRight01 SpatiallyLoaded:1 Bounds:IsValid=true, Min=(X=464.631 Y=485.327 Z=-7.377), Max=(X=636.884 Y=665.915 Z=41.502) RuntimeGrid:None EditorOnly:0 RuntimeOnly:0 HLODRelevant:0
 |   |   |- [+] [ 14]
 |   |   |   |- Guid:D14137504ADD861A6C1C8C9BFCECF176 BaseClass: NativeClass:/Script/Engine.SkeletalMeshActor Name:SkeletalMeshActor_UAID_B00CD162E1E7C02302_1218983250 Label:Anim_BrokenLegsFastForward01 SpatiallyLoaded:1 Bounds:IsValid=true, Min=(X=777.442 Y=972.508 Z=-7.389), Max=(X=839.061 Y=1196.357 Z=41.495) RuntimeGrid:None EditorOnly:0 RuntimeOnly:0 HLODRelevant:0
 |   |   |- [+] [ 15]
 |   |   |   |- Guid:A3BAF198467B422305DA01BF3D6AAEB6 BaseClass: NativeClass:/Script/Engine.SkeletalMeshActor Name:SkeletalMeshActor_UAID_B00CD162E1E7C02302_1220928251 Label:Anim_BrokenLegsFastForwardLeft01 SpatiallyLoaded:1 Bounds:IsValid=true, Min=(X=921.815 Y=975.709 Z=-7.387), Max=(X=1093.300 Y=1158.712 Z=41.495) RuntimeGrid:None EditorOnly:0 RuntimeOnly:0 HLODRelevant:0
 |   |   |- [+] [ 16]
 |   |   |   |- Guid:D8ECCD33477137D931894F86D80FC43B BaseClass: NativeClass:/Script/Engine.SkeletalMeshActor Name:SkeletalMeshActor_UAID_B00CD162E1E7C02302_1222867252 Label:Anim_BrokenLegsFastForwardRight01 SpatiallyLoaded:1 Bounds:IsValid=true, Min=(X=493.683 Y=1001.710 Z=-7.414), Max=(X=665.180 Y=1184.559 Z=41.957) RuntimeGrid:None EditorOnly:0 RuntimeOnly:0 HLODRelevant:0
 |   |   |- [+] [ 17]
 |   |   |   |- Guid:F527320D4CBE6C24FE719289D22C0B71 BaseClass: NativeClass:/Script/Engine.SkeletalMeshActor Name:SkeletalMeshActor_UAID_B00CD162E1E7C02302_1225696253 Label:Anim_BrokenLegsFastLeft01 SpatiallyLoaded:1 Bounds:IsValid=true, Min=(X=932.259 Y=840.851 Z=-6.318), Max=(X=1155.888 Y=909.240 Z=41.666) RuntimeGrid:None EditorOnly:0 RuntimeOnly:0 HLODRelevant:0
 |   |   |- [+] [ 18]
 |   |   |   |- Guid:CC9B0B184FDEDE3F606FC0BCA1473C36 BaseClass: NativeClass:/Script/Engine.SkeletalMeshActor Name:SkeletalMeshActor_UAID_B00CD162E1E7C02302_1227549254 Label:Anim_BrokenLegsFastRight01 SpatiallyLoaded:1 Bounds:IsValid=true, Min=(X=473.946 Y=845.863 Z=-6.346), Max=(X=697.734 Y=914.228 Z=41.994) RuntimeGrid:None EditorOnly:0 RuntimeOnly:0 HLODRelevant:0
 |   |   |- [+] [ 19]
 |   |   |   |- Guid:5EEB552D4AD8248E52B3ADAEBA1E37BB BaseClass: NativeClass:/Script/Engine.SkeletalMeshActor Name:SkeletalMeshActor_UAID_B00CD162E1E7C02302_1254629255 Label:Anim_BrokenLegsPose01 SpatiallyLoaded:1 Bounds:IsValid=true, Min=(X=1563.044 Y=705.823 Z=-7.218), Max=(X=1638.076 Y=900.906 Z=35.667) RuntimeGrid:None EditorOnly:0 RuntimeOnly:0 HLODRelevant:0
 |   |   |- [+] [ 20]
 |   |   |   |- Guid:F82DAFB74361777873A2AC9F1242520C BaseClass: NativeClass:/Script/Engine.SkeletalMeshActor Name:SkeletalMeshActor_UAID_B00CD162E1E7C02302_1262308256 Label:Anim_BrokenLegsSlowBackward01 SpatiallyLoaded:1 Bounds:IsValid=true, Min=(X=2175.439 Y=508.019 Z=-7.394), Max=(X=2239.934 Y=724.915 Z=41.502) RuntimeGrid:None EditorOnly:0 RuntimeOnly:0 HLODRelevant:0
 |   |   |- [+] [ 21]
 |   |   |   |- Guid:132C0447424DFABA419CB0B7F3DDBC97 BaseClass: NativeClass:/Script/Engine.SkeletalMeshActor Name:SkeletalMeshActor_UAID_B00CD162E1E7C02302_1265478257 Label:Anim_BrokenLegsSlowBackwardLeft01 SpatiallyLoaded:1 Bounds:IsValid=true, Min=(X=2349.249 Y=525.340 Z=-7.402), Max=(X=2515.443 Y=704.029 Z=41.992) RuntimeGrid:None EditorOnly:0 RuntimeOnly:0 HLODRelevant:0
 |   |   |- [+] [ 22]
 |   |   |   |- Guid:1EF91DCC4A1D93B69AD608AA37B14A2B BaseClass: NativeClass:/Script/Engine.SkeletalMeshActor Name:SkeletalMeshActor_UAID_B00CD162E1E7C02302_1268621258 Label:Anim_BrokenLegsSlowBackwardRight01 SpatiallyLoaded:1 Bounds:IsValid=true, Min=(X=1874.555 Y=525.336 Z=-7.390), Max=(X=2040.713 Y=704.173 Z=41.500) RuntimeGrid:None EditorOnly:0 RuntimeOnly:0 HLODRelevant:0
 |   |   |- [+] [ 23]
 |   |   |   |- Guid:738F54E54C17F37138AE84A6DD010C5F BaseClass: NativeClass:/Script/Engine.SkeletalMeshActor Name:SkeletalMeshActor_UAID_B00CD162E1E7C02302_1273321259 Label:Anim_BrokenLegsSlowForward01 SpatiallyLoaded:1 Bounds:IsValid=true, Min=(X=2172.439 Y=991.508 Z=-7.394), Max=(X=2236.931 Y=1208.404 Z=41.502) RuntimeGrid:None EditorOnly:0 RuntimeOnly:0 HLODRelevant:0
 |   |   |- [+] [ 24]
 |   |   |   |- Guid:D2F663B94FB955A965C2EBB0D1EDC283 BaseClass: NativeClass:/Script/Engine.SkeletalMeshActor Name:SkeletalMeshActor_UAID_B00CD162E1E7C02302_1275507260 Label:Anim_BrokenLegsSlowForwardLeft01 SpatiallyLoaded:1 Bounds:IsValid=true, Min=(X=2315.862 Y=985.081 Z=-7.399), Max=(X=2491.964 Y=1154.417 Z=41.719) RuntimeGrid:None EditorOnly:0 RuntimeOnly:0 HLODRelevant:0
 |   |   |- [+] [ 25]
 |   |   |   |- Guid:01ED6FA34909773B33D656A1E3DF42F8 BaseClass: NativeClass:/Script/Engine.SkeletalMeshActor Name:SkeletalMeshActor_UAID_B00CD162E1E7C02302_1278337261 Label:Anim_BrokenLegsSlowForwardRight01 SpatiallyLoaded:1 Bounds:IsValid=true, Min=(X=1887.903 Y=1014.078 Z=-7.397), Max=(X=2064.139 Y=1183.384 Z=41.505) RuntimeGrid:None EditorOnly:0 RuntimeOnly:0 HLODRelevant:0
 |   |   |- [+] [ 26]
 |   |   |   |- Guid:038849A94674E0CD0EAECD924DFB72D7 BaseClass: NativeClass:/Script/Engine.SkeletalMeshActor Name:SkeletalMeshActor_UAID_B00CD162E1E7C02302_1281082262 Label:Anim_BrokenLegsSlowLeft01 SpatiallyLoaded:1 Bounds:IsValid=true, Min=(X=2311.580 Y=860.620 Z=-7.381), Max=(X=2528.414 Y=925.039 Z=41.494) RuntimeGrid:None EditorOnly:0 RuntimeOnly:0 HLODRelevant:0
 |   |   |- [+] [ 27]
 |   |   |   |- Guid:A3914D394625808A77F18E9A3F8E4EFB BaseClass: NativeClass:/Script/Engine.SkeletalMeshActor Name:SkeletalMeshActor_UAID_B00CD162E1E7C02302_1283215263 Label:Anim_BrokenLegsSlowRight01 SpatiallyLoaded:1 Bounds:IsValid=true, Min=(X=1864.437 Y=856.648 Z=-7.430), Max=(X=2081.413 Y=921.028 Z=42.618) RuntimeGrid:None EditorOnly:0 RuntimeOnly:0 HLODRelevant:0
 |   |   |- [+] [ 28]
 |   |   |   |- Guid:CFCBFDAB41EB97F9248608B52BAEB000 BaseClass: NativeClass:/Script/Engine.SkeletalMeshActor Name:SkeletalMeshActor_UAID_B00CD162E1E7C02302_1302235264 Label:Anim_CrawlFastBackward02 SpatiallyLoaded:1 Bounds:IsValid=true, Min=(X=768.733 Y=1727.267 Z=-5.323), Max=(X=856.893 Y=1888.974 Z=65.551) RuntimeGrid:None EditorOnly:0 RuntimeOnly:0 HLODRelevant:0
 |   |   |- [+] [ 29]
 |   |   |   |- Guid:27B87DA245B11C1ABB998BB831403B39 BaseClass: NativeClass:/Script/Engine.SkeletalMeshActor Name:SkeletalMeshActor_UAID_B00CD162E1E7C02302_1304788265 Label:Anim_CrawlFastBackwardLeft02 SpatiallyLoaded:1 Bounds:IsValid=true, Min=(X=952.126 Y=1756.538 Z=-5.320), Max=(X=1099.156 Y=1851.468 Z=65.659) RuntimeGrid:None EditorOnly:0 RuntimeOnly:0 HLODRelevant:0
 |   |   |- [+] [ 30]
 |   |   |   |- Guid:59C8F7274270587FFF5970993D16FB5D BaseClass: NativeClass:/Script/Engine.SkeletalMeshActor Name:SkeletalMeshActor_UAID_B00CD162E1E7C02302_1307422266 Label:Anim_CrawlFastBackwardRight02 SpatiallyLoaded:1 Bounds:IsValid=true, Min=(X=538.126 Y=1729.581 Z=-5.338), Max=(X=646.058 Y=1870.222 Z=65.476) RuntimeGrid:None EditorOnly:0 RuntimeOnly:0 HLODRelevant:0
 |   |   |- [+] [ 31]
 |   |   |   |- Guid:490A4FE24DEC18DD58B20DBCCFF8D436 BaseClass: NativeClass:/Script/Engine.SkeletalMeshActor Name:SkeletalMeshActor_UAID_B00CD162E1E7C02302_1310627267 Label:Anim_CrawlFastForward02 SpatiallyLoaded:1 Bounds:IsValid=true, Min=(X=766.733 Y=2139.976 Z=-5.330), Max=(X=854.891 Y=2302.614 Z=69.498) RuntimeGrid:None EditorOnly:0 RuntimeOnly:0 HLODRelevant:0
 |   |   |- [+] [ 32]
 |   |   |   |- Guid:41F050A947248762A14F5792E3FE7A0E BaseClass: NativeClass:/Script/Engine.SkeletalMeshActor Name:SkeletalMeshActor_UAID_B00CD162E1E7C02302_1312794268 Label:Anim_CrawlFastForwardLeft02 SpatiallyLoaded:1 Bounds:IsValid=true, Min=(X=972.584 Y=2137.882 Z=-5.342), Max=(X=1077.614 Y=2279.185 Z=69.494) RuntimeGrid:None EditorOnly:0 RuntimeOnly:0 HLODRelevant:0
 |   |   |- [+] [ 33]
 |   |   |   |- Guid:974EEC92484DF60CE4D9AE9A406BAA18 BaseClass: NativeClass:/Script/Engine.SkeletalMeshActor Name:SkeletalMeshActor_UAID_B00CD162E1E7C02302_1315100269 Label:Anim_CrawlFastForwardRight02 SpatiallyLoaded:1 Bounds:IsValid=true, Min=(X=526.829 Y=2170.435 Z=-5.337), Max=(X=669.524 Y=2272.993 Z=69.444) RuntimeGrid:None EditorOnly:0 RuntimeOnly:0 HLODRelevant:0
 |   |   |- [+] [ 34]
 |   |   |   |- Guid:A8171AB54202F8E498E2E28E3FD0EF8A BaseClass: NativeClass:/Script/Engine.SkeletalMeshActor Name:SkeletalMeshActor_UAID_B00CD162E1E7C02302_1317566270 Label:Anim_CrawlFastLeft02 SpatiallyLoaded:1 Bounds:IsValid=true, Min=(X=942.496 Y=1980.872 Z=-5.347), Max=(X=1107.085 Y=2066.415 Z=69.492) RuntimeGrid:None EditorOnly:0 RuntimeOnly:0 HLODRelevant:0
 |   |   |- [+] [ 35]
 |   |   |   |- Guid:77563B1F4B5DFC2DBA35B19E72A909AE BaseClass: NativeClass:/Script/Engine.SkeletalMeshActor Name:SkeletalMeshActor_UAID_B00CD162E1E7C02302_1320377271 Label:Anim_CrawlFastRight02 SpatiallyLoaded:1 Bounds:IsValid=true, Min=(X=506.899 Y=1990.637 Z=-5.333), Max=(X=671.643 Y=2076.294 Z=69.525) RuntimeGrid:None EditorOnly:0 RuntimeOnly:0 HLODRelevant:0
 |   |   |- [+] [ 36]
 |   |   |   |- Guid:E1C724EE4760BD41CD9543917CF51874 BaseClass: NativeClass:/Script/Engine.SkeletalMeshActor Name:SkeletalMeshActor_UAID_B00CD162E1E7C02302_1333612272 Label:Anim_CrawlFastBackward01 SpatiallyLoaded:1 Bounds:IsValid=true, Min=(X=2143.115 Y=1735.389 Z=-4.768), Max=(X=2231.263 Y=1896.858 Z=65.618) RuntimeGrid:None EditorOnly:0 RuntimeOnly:0 HLODRelevant:0
 |   |   |- [+] [ 37]
 |   |   |   |- Guid:71951EE74F42EA169FE12685246A046A BaseClass: NativeClass:/Script/Engine.SkeletalMeshActor Name:SkeletalMeshActor_UAID_B00CD162E1E7C02302_1335623273 Label:Anim_CrawlFastBackwardLeft01 SpatiallyLoaded:1 Bounds:IsValid=true, Min=(X=2347.860 Y=1724.535 Z=-4.771), Max=(X=2455.970 Y=1865.360 Z=65.616) RuntimeGrid:None EditorOnly:0 RuntimeOnly:0 HLODRelevant:0
 |   |   |- [+] [ 38]
 |   |   |   |- Guid:532A257946AF217BF88A4A9FC516D720 BaseClass: NativeClass:/Script/Engine.SkeletalMeshActor Name:SkeletalMeshActor_UAID_B00CD162E1E7C02302_1337871274 Label:Anim_CrawlFastBackwardRight01 SpatiallyLoaded:1 Bounds:IsValid=true, Min=(X=1912.789 Y=1763.449 Z=-4.770), Max=(X=2059.890 Y=1858.522 Z=65.616) RuntimeGrid:None EditorOnly:0 RuntimeOnly:0 HLODRelevant:0
 |   |   |- [+] [ 39]
 |   |   |   |- Guid:EB87FB7D47EBB66501D4CCBC505178F4 BaseClass: NativeClass:/Script/Engine.SkeletalMeshActor Name:SkeletalMeshActor_UAID_B00CD162E1E7C02302_1340875275 Label:Anim_CrawlFastForward01 SpatiallyLoaded:1 Bounds:IsValid=true, Min=(X=2141.115 Y=2131.092 Z=-4.779), Max=(X=2229.263 Y=2293.546 Z=69.501) RuntimeGrid:None EditorOnly:0 RuntimeOnly:0 HLODRelevant:0
 |   |   |- [+] [ 40]
 |   |   |   |- Guid:3C0C0B2648F28A11AB9F8D8693B60B5A BaseClass: NativeClass:/Script/Engine.SkeletalMeshActor Name:SkeletalMeshActor_UAID_B00CD162E1E7C02302_1343186276 Label:Anim_CrawlFastForwardLeft01 SpatiallyLoaded:1 Bounds:IsValid=true, Min=(X=2336.430 Y=2164.338 Z=-4.775), Max=(X=2479.361 Y=2267.132 Z=69.500) RuntimeGrid:None EditorOnly:0 RuntimeOnly:0 HLODRelevant:0
 |   |   |- [+] [ 41]
 |   |   |   |- Guid:BC1E09B94F88A7923BC05E84D314189E BaseClass: NativeClass:/Script/Engine.SkeletalMeshActor Name:SkeletalMeshActor_UAID_B00CD162E1E7C02302_1345201277 Label:Anim_CrawlFastForwardRight01 SpatiallyLoaded:1 Bounds:IsValid=true, Min=(X=1922.261 Y=2141.835 Z=-4.778), Max=(X=2027.513 Y=2283.355 Z=69.500) RuntimeGrid:None EditorOnly:0 RuntimeOnly:0 HLODRelevant:0
 |   |   |- [+] [ 42]
 |   |   |   |- Guid:422F95B44759869EF8AB0281ED579C01 BaseClass: NativeClass:/Script/Engine.SkeletalMeshActor Name:SkeletalMeshActor_UAID_B00CD162E1E7C02302_1347704278 Label:Anim_CrawlFastLeft01 SpatiallyLoaded:1 Bounds:IsValid=true, Min=(X=2324.415 Y=1987.648 Z=-4.775), Max=(X=2489.052 Y=2073.279 Z=69.522) RuntimeGrid:None EditorOnly:0 RuntimeOnly:0 HLODRelevant:0
 |   |   |- [+] [ 43]
 |   |   |   |- Guid:402388F147BA86F8E419BEB276EE494E BaseClass: NativeClass:/Script/Engine.SkeletalMeshActor Name:SkeletalMeshActor_UAID_B00CD162E1E7C02302_1350265279 Label:Anim_CrawlFastRight01 SpatiallyLoaded:1 Bounds:IsValid=true, Min=(X=1885.955 Y=1983.885 Z=-4.775), Max=(X=2050.419 Y=2069.413 Z=69.502) RuntimeGrid:None EditorOnly:0 RuntimeOnly:0 HLODRelevant:0
 |   |   |- [+] [ 44]
 |   |   |   |- Guid:42244A374112FEDD392F808ABE731560 BaseClass: NativeClass:/Script/Engine.SkeletalMeshActor Name:SkeletalMeshActor_UAID_B00CD162E1E7C02302_1363874280 Label:Anim_CrawlPose02 SpatiallyLoaded:1 Bounds:IsValid=true, Min=(X=1279.373 Y=2429.297 Z=-5.223), Max=(X=1367.533 Y=2555.560 Z=65.145) RuntimeGrid:None EditorOnly:0 RuntimeOnly:0 HLODRelevant:0
 |   |   |- [+] [ 45]
 |   |   |   |- Guid:F2B92E664F43D20BFA2CEA9D4C901903 BaseClass: NativeClass:/Script/Engine.SkeletalMeshActor Name:SkeletalMeshActor_UAID_B00CD162E1E7C02302_1368378281 Label:Anim_CrawlPose01 SpatiallyLoaded:1 Bounds:IsValid=true, Min=(X=1563.475 Y=2449.408 Z=-4.651), Max=(X=1651.624 Y=2575.445 Z=65.319) RuntimeGrid:None EditorOnly:0 RuntimeOnly:0 HLODRelevant:0
 |   |   |- [+] [ 46]
 |   |   |   |- Guid:AE966B4F4C5558EED76252A7BE615646 BaseClass: NativeClass:/Script/Engine.SkeletalMeshActor Name:SkeletalMeshActor_UAID_B00CD162E1E7C02302_1377950282 Label:Anim_CrawlSlowBackward02 SpatiallyLoaded:1 Bounds:IsValid=true, Min=(X=767.733 Y=2736.270 Z=-5.253), Max=(X=855.894 Y=2871.904 Z=65.549) RuntimeGrid:None EditorOnly:0 RuntimeOnly:0 HLODRelevant:0
 |   |   |- [+] [ 47]
 |   |   |   |- Guid:7FB388DD467CCEC23EFC9DB43EFFB4DB BaseClass: NativeClass:/Script/Engine.SkeletalMeshActor Name:SkeletalMeshActor_UAID_B00CD162E1E7C02302_1380254283 Label:Anim_CrawlSlowBackwardLeft02 SpatiallyLoaded:1 Bounds:IsValid=true, Min=(X=943.055 Y=2759.993 Z=-5.257), Max=(X=1070.474 Y=2858.423 Z=65.644) RuntimeGrid:None EditorOnly:0 RuntimeOnly:0 HLODRelevant:0
 |   |   |- [+] [ 48]
 |   |   |   |- Guid:F76A45B34B3C98B5D6E8A99F49422FBB BaseClass: NativeClass:/Script/Engine.SkeletalMeshActor Name:SkeletalMeshActor_UAID_B00CD162E1E7C02302_1382532284 Label:Anim_CrawlSlowBackwardRight02 SpatiallyLoaded:1 Bounds:IsValid=true, Min=(X=548.069 Y=2732.891 Z=-5.263), Max=(X=643.432 Y=2860.961 Z=65.479) RuntimeGrid:None EditorOnly:0 RuntimeOnly:0 HLODRelevant:0
 |   |   |- [+] [ 49]
 |   |   |   |- Guid:16D858A84F1A95750A6F78B12B9E148B BaseClass: NativeClass:/Script/Engine.SkeletalMeshActor Name:SkeletalMeshActor_UAID_B00CD162E1E7C02302_1386397285 Label:Anim_CrawlSlowForward02 SpatiallyLoaded:1 Bounds:IsValid=true, Min=(X=775.733 Y=3115.972 Z=-5.256), Max=(X=863.891 Y=3251.611 Z=67.829) RuntimeGrid:None EditorOnly:0 RuntimeOnly:0 HLODRelevant:0
 |   |   |- [+] [ 50]
 |   |   |   |- Guid:DBEA14494087E83B1F79F9A511DC044C BaseClass: NativeClass:/Script/Engine.SkeletalMeshActor Name:SkeletalMeshActor_UAID_B00CD162E1E7C02302_1389582286 Label:Anim_CrawlSlowForwardLeft02 SpatiallyLoaded:1 Bounds:IsValid=true, Min=(X=967.650 Y=3114.644 Z=-5.268), Max=(X=1060.358 Y=3243.103 Z=67.802) RuntimeGrid:None EditorOnly:0 RuntimeOnly:0 HLODRelevant:0
 |   |   |- [+] [ 51]
 |   |   |   |- Guid:8D5BA70844849422EB33A3AA2DBBC88D BaseClass: NativeClass:/Script/Engine.SkeletalMeshActor Name:SkeletalMeshActor_UAID_B00CD162E1E7C02302_1391709287 Label:Anim_CrawlSlowForwardRight02 SpatiallyLoaded:1 Bounds:IsValid=true, Min=(X=548.954 Y=3163.096 Z=-5.267), Max=(X=677.108 Y=3257.982 Z=67.883) RuntimeGrid:None EditorOnly:0 RuntimeOnly:0 HLODRelevant:0
 |   |   |- [+] [ 52]
 |   |   |   |- Guid:BC92B1C64A581B0020FF10AFFB2ED4CD BaseClass: NativeClass:/Script/Engine.SkeletalMeshActor Name:SkeletalMeshActor_UAID_B00CD162E1E7C02302_1394130288 Label:Anim_CrawlSlowLeft02 SpatiallyLoaded:1 Bounds:IsValid=true, Min=(X=925.580 Y=2959.651 Z=-5.262), Max=(X=1062.507 Y=3045.393 Z=67.764) RuntimeGrid:None EditorOnly:0 RuntimeOnly:0 HLODRelevant:0
 |   |   |- [+] [ 53]
 |   |   |   |- Guid:6BDA79F345CBB17A6F481AA52D9C6959 BaseClass: NativeClass:/Script/Engine.SkeletalMeshActor Name:SkeletalMeshActor_UAID_B00CD162E1E7C02302_1395886289 Label:Anim_CrawlSlowRight02 SpatiallyLoaded:1 Bounds:IsValid=true, Min=(X=536.495 Y=2996.658 Z=-5.256), Max=(X=673.572 Y=3082.516 Z=67.956) RuntimeGrid:None EditorOnly:0 RuntimeOnly:0 HLODRelevant:0
 |   |   |- [+] [ 54]
 |   |   |   |- Guid:20C43FD8457A03F84D85EA8B768D9D7B BaseClass: NativeClass:/Script/Engine.SkeletalMeshActor Name:SkeletalMeshActor_UAID_B00CD162E1E7C02302_1411166290 Label:Anim_CrawlSlowBackward01 SpatiallyLoaded:1 Bounds:IsValid=true, Min=(X=2139.115 Y=2723.390 Z=-4.690), Max=(X=2227.263 Y=2858.780 Z=65.618) RuntimeGrid:None EditorOnly:0 RuntimeOnly:0 HLODRelevant:0
 |   |   |- [+] [ 55]
 |   |   |   |- Guid:4B5CA2E94DE25F16E4DCB9A14146A82E BaseClass: NativeClass:/Script/Engine.SkeletalMeshActor Name:SkeletalMeshActor_UAID_B00CD162E1E7C02302_1413612291 Label:Anim_CrawlSlowBackwardLeft01 SpatiallyLoaded:1 Bounds:IsValid=true, Min=(X=2354.332 Y=2736.886 Z=-4.699), Max=(X=2449.588 Y=2864.860 Z=65.392) RuntimeGrid:None EditorOnly:0 RuntimeOnly:0 HLODRelevant:0
 |   |   |- [+] [ 56]
 |   |   |   |- Guid:C1E0F2C64399AA6D54BCD59CF0225C68 BaseClass: NativeClass:/Script/Engine.SkeletalMeshActor Name:SkeletalMeshActor_UAID_B00CD162E1E7C02302_1416635292 Label:Anim_CrawlSlowBackwardRight01 SpatiallyLoaded:1 Bounds:IsValid=true, Min=(X=1901.480 Y=2762.900 Z=-4.692), Max=(X=2028.985 Y=2861.421 Z=65.615) RuntimeGrid:None EditorOnly:0 RuntimeOnly:0 HLODRelevant:0
 |   |   |- [+] [ 57]
 |   |   |   |- Guid:C0F43FD642A48AFCA80605B8747D1949 BaseClass: NativeClass:/Script/Engine.SkeletalMeshActor Name:SkeletalMeshActor_UAID_B00CD162E1E7C02302_1419360293 Label:Anim_CrawlSlowForward01 SpatiallyLoaded:1 Bounds:IsValid=true, Min=(X=2138.114 Y=3137.095 Z=-4.693), Max=(X=2226.263 Y=3272.488 Z=67.873) RuntimeGrid:None EditorOnly:0 RuntimeOnly:0 HLODRelevant:0
 |   |   |- [+] [ 58]
 |   |   |   |- Guid:905E40A84B9D293321D23FB88A96EDD2 BaseClass: NativeClass:/Script/Engine.SkeletalMeshActor Name:SkeletalMeshActor_UAID_B00CD162E1E7C02302_1421217294 Label:Anim_CrawlSlowForwardLeft01 SpatiallyLoaded:1 Bounds:IsValid=true, Min=(X=2337.842 Y=3161.002 Z=-4.697), Max=(X=2466.087 Y=3255.971 Z=67.867) RuntimeGrid:None EditorOnly:0 RuntimeOnly:0 HLODRelevant:0
 |   |   |- [+] [ 59]
 |   |   |   |- Guid:BEF6E251467F332E5179A7AE76B264C5 BaseClass: NativeClass:/Script/Engine.SkeletalMeshActor Name:SkeletalMeshActor_UAID_B00CD162E1E7C02302_1423087295 Label:Anim_CrawlSlowForwardRight01 SpatiallyLoaded:1 Bounds:IsValid=true, Min=(X=1937.655 Y=3141.591 Z=-4.691), Max=(X=2030.446 Y=3270.146 Z=67.870) RuntimeGrid:None EditorOnly:0 RuntimeOnly:0 HLODRelevant:0
 |   |   |- [+] [ 60]
 |   |   |   |- Guid:932F47DC4E7BA44E8A3F818C16DA76F8 BaseClass: NativeClass:/Script/Engine.SkeletalMeshActor Name:SkeletalMeshActor_UAID_B00CD162E1E7C02302_1426416296 Label:Anim_CrawlSlowLeft01 SpatiallyLoaded:1 Bounds:IsValid=true, Min=(X=2340.495 Y=3002.669 Z=-4.702), Max=(X=2477.390 Y=3088.496 Z=67.915) RuntimeGrid:None EditorOnly:0 RuntimeOnly:0 HLODRelevant:0
 |   |   |- [+] [ 61]
 |   |   |   |- Guid:C44BA8B74E663452A06F94B3E9EC68AB BaseClass: NativeClass:/Script/Engine.SkeletalMeshActor Name:SkeletalMeshActor_UAID_B00CD162E1E7C02302_1429138297 Label:Anim_CrawlSlowRight01 SpatiallyLoaded:1 Bounds:IsValid=true, Min=(X=1930.602 Y=2995.666 Z=-4.692), Max=(X=2067.331 Y=3081.391 Z=67.872) RuntimeGrid:None EditorOnly:0 RuntimeOnly:0 HLODRelevant:0
 |   |   |- [+] [ 62]
 |   |   |   |- Guid:BA3929034E93B130BB74D4A0D61F22A5 BaseClass: NativeClass:/Script/Engine.SkeletalMeshActor Name:SkeletalMeshActor_UAID_B00CD162E1E7C02302_1492576298 Label:Anim_LeanOnWallFastBackward02 SpatiallyLoaded:1 Bounds:IsValid=true, Min=(X=763.977 Y=3835.253 Z=-0.717), Max=(X=842.793 Y=3941.410 Z=170.069) RuntimeGrid:None EditorOnly:0 RuntimeOnly:0 HLODRelevant:0
 |   |   |- [+] [ 63]
 |   |   |   |- Guid:5C6D110D4EFBCCCA7D0A4B8DD61F4EFA BaseClass: NativeClass:/Script/Engine.SkeletalMeshActor Name:SkeletalMeshActor_UAID_B00CD162E1E7C02302_1495061299 Label:Anim_LeanOnWallFastBackwardLeft02 SpatiallyLoaded:1 Bounds:IsValid=true, Min=(X=984.639 Y=3864.039 Z=-0.720), Max=(X=1055.363 Y=3961.499 Z=170.064) RuntimeGrid:None EditorOnly:0 RuntimeOnly:0 HLODRelevant:0
 |   |   |- [+] [ 64]
 |   |   |   |- Guid:E20DF16F4527F5A5214474AAFDEEF3FD BaseClass: NativeClass:/Script/Engine.SkeletalMeshActor Name:SkeletalMeshActor_UAID_B00CD162E1E7C02302_1497247300 Label:Anim_LeanOnWallFastBackwardRight02 SpatiallyLoaded:1 Bounds:IsValid=true, Min=(X=538.073 Y=3868.524 Z=-0.720), Max=(X=636.536 Y=3938.716 Z=170.043) RuntimeGrid:None EditorOnly:0 RuntimeOnly:0 HLODRelevant:0
 |   |   |- [+] [ 65]
 |   |   |   |- Guid:98B9D9FB4A80FF0E5A1E38ABA9DDC625 BaseClass: NativeClass:/Script/Engine.SkeletalMeshActor Name:SkeletalMeshActor_UAID_B00CD162E1E7C02302_1502462301 Label:Anim_LeanOnWallFastForward02 SpatiallyLoaded:1 Bounds:IsValid=true, Min=(X=759.126 Y=4339.170 Z=-0.710), Max=(X=834.701 Y=4447.934 Z=156.343) RuntimeGrid:None EditorOnly:0 RuntimeOnly:0 HLODRelevant:0
 |   |   |- [+] [ 66]
 |   |   |   |- Guid:7041124D4EFB9272F4EE02B2784D904F BaseClass: NativeClass:/Script/Engine.SkeletalMeshActor Name:SkeletalMeshActor_UAID_B00CD162E1E7C02302_1504709302 Label:Anim_LeanOnWallFastForwardLeft02 SpatiallyLoaded:1 Bounds:IsValid=true, Min=(X=947.667 Y=4369.270 Z=-0.700), Max=(X=1057.898 Y=4447.585 Z=156.348) RuntimeGrid:None EditorOnly:0 RuntimeOnly:0 HLODRelevant:0
 |   |   |- [+] [ 67]
 |   |   |   |- Guid:4598C32E4C309C74CE1A87A81472E81D BaseClass: NativeClass:/Script/Engine.SkeletalMeshActor Name:SkeletalMeshActor_UAID_B00CD162E1E7C02302_1507569303 Label:Anim_LeanOnWallFastForwardRight02 SpatiallyLoaded:1 Bounds:IsValid=true, Min=(X=566.064 Y=4350.834 Z=-0.790), Max=(X=641.655 Y=4461.356 Z=156.361) RuntimeGrid:None EditorOnly:0 RuntimeOnly:0 HLODRelevant:0
 |   |   |- [+] [ 68]
 |   |   |   |- Guid:EC9F4F774B92EDCE62D4CEAD979C0F7F BaseClass: NativeClass:/Script/Engine.SkeletalMeshActor Name:SkeletalMeshActor_UAID_B00CD162E1E7C02302_1510274304 Label:Anim_LeanOnWallFastLeft02 SpatiallyLoaded:1 Bounds:IsValid=true, Min=(X=953.684 Y=4156.348 Z=-0.712), Max=(X=1062.638 Y=4233.691 Z=156.283) RuntimeGrid:None EditorOnly:0 RuntimeOnly:0 HLODRelevant:0
 |   |   |- [+] [ 69]
 |   |   |   |- Guid:CA14880C45542C3A250820A4530165AC BaseClass: NativeClass:/Script/Engine.SkeletalMeshActor Name:SkeletalMeshActor_UAID_B00CD162E1E7C02302_1512398305 Label:Anim_LeanOnWallFastRight02 SpatiallyLoaded:1 Bounds:IsValid=true, Min=(X=534.067 Y=4153.843 Z=-0.713), Max=(X=642.688 Y=4231.410 Z=156.369) RuntimeGrid:None EditorOnly:0 RuntimeOnly:0 HLODRelevant:0
 |   |   |- [+] [ 70]
 |   |   |   |- Guid:5CA7BBC24FE2AFE813DF4AA3A6E0CCFB BaseClass: NativeClass:/Script/Engine.SkeletalMeshActor Name:SkeletalMeshActor_UAID_B00CD162E1E7C02302_1527982306 Label:Anim_LeanOnWallFastBackward01 SpatiallyLoaded:1 Bounds:IsValid=true, Min=(X=2164.190 Y=3858.280 Z=-0.721), Max=(X=2243.105 Y=3964.382 Z=170.068) RuntimeGrid:None EditorOnly:0 RuntimeOnly:0 HLODRelevant:0
 |   |   |- [+] [ 71]
 |   |   |   |- Guid:179BF31542AAEA4F0CBA6EA7D3C46F84 BaseClass: NativeClass:/Script/Engine.SkeletalMeshActor Name:SkeletalMeshActor_UAID_B00CD162E1E7C02302_1533097307 Label:Anim_LeanOnWallFastBackwardLeft01 SpatiallyLoaded:1 Bounds:IsValid=true, Min=(X=2358.456 Y=3859.477 Z=-0.722), Max=(X=2456.896 Y=3929.667 Z=170.068) RuntimeGrid:None EditorOnly:0 RuntimeOnly:0 HLODRelevant:0
 |   |   |- [+] [ 72]
 |   |   |   |- Guid:ACAECC074070B175408A8884B31B921C BaseClass: NativeClass:/Script/Engine.SkeletalMeshActor Name:SkeletalMeshActor_UAID_B00CD162E1E7C02302_1536387308 Label:Anim_LeanOnWallFastBackwardRight01 SpatiallyLoaded:1 Bounds:IsValid=true, Min=(X=1958.598 Y=3861.066 Z=-0.721), Max=(X=2029.308 Y=3958.501 Z=170.068) RuntimeGrid:None EditorOnly:0 RuntimeOnly:0 HLODRelevant:0
 |   |   |- [+] [ 73]
 |   |   |   |- Guid:F1030B21404AFBD082D1E1B509861E85 BaseClass: NativeClass:/Script/Engine.SkeletalMeshActor Name:SkeletalMeshActor_UAID_B00CD162E1E7C02302_1539238309 Label:Anim_LeanOnWallFastForward01 SpatiallyLoaded:1 Bounds:IsValid=true, Min=(X=2166.989 Y=4349.297 Z=-0.780), Max=(X=2243.637 Y=4457.946 Z=156.321) RuntimeGrid:None EditorOnly:0 RuntimeOnly:0 HLODRelevant:0
 |   |   |- [+] [ 74]
 |   |   |   |- Guid:4810B49D4ABBAD6353A5C3A10A028759 BaseClass: NativeClass:/Script/Engine.SkeletalMeshActor Name:SkeletalMeshActor_UAID_B00CD162E1E7C02302_1541432310 Label:Anim_LeanOnWallFastForwardLeft01 SpatiallyLoaded:1 Bounds:IsValid=true, Min=(X=2365.377 Y=4358.923 Z=-0.843), Max=(X=2440.864 Y=4469.901 Z=156.344) RuntimeGrid:None EditorOnly:0 RuntimeOnly:0 HLODRelevant:0
 |   |   |- [+] [ 75]
 |   |   |   |- Guid:A7B2939C47219684793F1C92E4D762D6 BaseClass: NativeClass:/Script/Engine.SkeletalMeshActor Name:SkeletalMeshActor_UAID_B00CD162E1E7C02302_1543659311 Label:Anim_LeanOnWallFastForwardRight01 SpatiallyLoaded:1 Bounds:IsValid=true, Min=(X=1957.496 Y=4383.333 Z=-0.767), Max=(X=2068.226 Y=4461.470 Z=156.346) RuntimeGrid:None EditorOnly:0 RuntimeOnly:0 HLODRelevant:0
 |   |   |- [+] [ 76]
 |   |   |   |- Guid:259831804619EA1328930C8BDBEF600F BaseClass: NativeClass:/Script/Engine.SkeletalMeshActor Name:SkeletalMeshActor_UAID_B00CD162E1E7C02302_1546660312 Label:Anim_LeanOnWallFastLeft01 SpatiallyLoaded:1 Bounds:IsValid=true, Min=(X=2351.421 Y=4167.056 Z=-0.777), Max=(X=2460.034 Y=4245.717 Z=156.296) RuntimeGrid:None EditorOnly:0 RuntimeOnly:0 HLODRelevant:0
 |   |   |- [+] [ 77]
 |   |   |   |- Guid:1DB255404A86BD82730AA0B986E51CE9 BaseClass: NativeClass:/Script/Engine.SkeletalMeshActor Name:SkeletalMeshActor_UAID_B00CD162E1E7C02302_1548685313 Label:Anim_LeanOnWallFastRight01 SpatiallyLoaded:1 Bounds:IsValid=true, Min=(X=1958.386 Y=4156.041 Z=-0.780), Max=(X=2067.187 Y=4234.498 Z=156.301) RuntimeGrid:None EditorOnly:0 RuntimeOnly:0 HLODRelevant:0
 |   |   |- [+] [ 78]
 |   |   |   |- Guid:970842A84EC1BD7CFCB6169B9C745103 BaseClass: NativeClass:/Script/Engine.SkeletalMeshActor Name:SkeletalMeshActor_UAID_B00CD162E1E7C02302_1737624314 Label:Anim_LeanOnWallPose02 SpatiallyLoaded:1 Bounds:IsValid=true, Min=(X=1263.673 Y=4976.363 Z=-0.139), Max=(X=1343.033 Y=5046.371 Z=159.920) RuntimeGrid:None EditorOnly:0 RuntimeOnly:0 HLODRelevant:0
 |   |   |- [+] [ 79]
 |   |   |   |- Guid:21E9939941AF07DA1E4E6B97E3A24B07 BaseClass: NativeClass:/Script/Engine.SkeletalMeshActor Name:SkeletalMeshActor_UAID_B00CD162E1E7C02302_1740012315 Label:Anim_LeanOnWallPose04 SpatiallyLoaded:1 Bounds:IsValid=true, Min=(X=1473.143 Y=4952.988 Z=-7.643), Max=(X=1554.681 Y=5050.658 Z=109.534) RuntimeGrid:None EditorOnly:0 RuntimeOnly:0 HLODRelevant:0
 |   |   |- [+] [ 80]
 |   |   |   |- Guid:252FE3414A56BC70DBD2ADB90DD720A8 BaseClass: NativeClass:/Script/Engine.SkeletalMeshActor Name:SkeletalMeshActor_UAID_B00CD162E1E7C02302_1743988316 Label:Anim_LeanOnWallPose01 SpatiallyLoaded:1 Bounds:IsValid=true, Min=(X=1656.887 Y=4995.505 Z=-0.121), Max=(X=1736.304 Y=5065.395 Z=159.923) RuntimeGrid:None EditorOnly:0 RuntimeOnly:0 HLODRelevant:0
 |   |   |- [+] [ 81]
 |   |   |   |- Guid:E3043A894A2DE60A2062F89CBCB04DF2 BaseClass: NativeClass:/Script/Engine.SkeletalMeshActor Name:SkeletalMeshActor_UAID_B00CD162E1E7C02302_1745953317 Label:Anim_LeanOnWallPose03 SpatiallyLoaded:1 Bounds:IsValid=true, Min=(X=1888.314 Y=4959.042 Z=-7.748), Max=(X=1969.934 Y=5056.597 Z=109.533) RuntimeGrid:None EditorOnly:0 RuntimeOnly:0 HLODRelevant:0
 |- ContainerInstances:
 |- [+] MainContainer:
 |   |-        ID: 0x0000000000000000
 |   |-    Bounds: IsValid=false, Min=(X=0.000 Y=0.000 Z=0.000), Max=(X=0.000 Y=0.000 Z=0.000)
 |   |- Transform: 0.000000,0.000000,0.000000|0.000000,0.000000,-0.000000|1.000000,1.000000,1.000000
 |   |- Container: /Game/InjuredWalkPart2/Demo/Maps/ThirdPersonMap
----------------------------------------------------------------------------------------------------------------
ThirdPersonMap - Persistent Level
----------------------------------------------------------------------------------------------------------------
Always loaded Actor Count: 109 

----------------------------------------------------------------------------------------------------------------
ThirdPersonMap - Runtime Spatial Hash - Streaming Grid - MainGrid
----------------------------------------------------------------------------------------------------------------
            Origin: X=0.000 Y=0.000 Z=0.000
         Cell Size: 12800
      World Bounds: IsValid=false, Min=(X=0.000 Y=0.000 Z=0.000), Max=(X=0.000 Y=0.000 Z=0.000)
     Loading Range: 25600.00
Block Slow Loading: No
 ClientOnlyVisible: No

[+] Grid Levels: 1
 |- Level  0: Cell Count    0 | Cell Size   12800 | Actor Count    0 (0.0%)

[+] Content of Grid Level 0

