[+] Containers:
 |- [+] Container: /Game/InjuredWalk1And2/Demo/Maps/ThirdPersonMap
 |   |- [+] ActorDescs:
 |   |   |- Guid:00D2C3C64BFC581C617A9998025F2D7E BaseClass: NativeClass:/Script/Engine.SkeletalMeshActor Name:SkeletalMeshActor_UAID_B00CD162E1E71A2902_1794640395 Label:Anim_KidneyRightSlow01 SpatiallyLoaded:1 Bounds:IsValid=true, Min=(X=751.105 Y=2874.672 Z=-0.209), Max=(X=828.001 Y=2924.369 Z=167.814) RuntimeGrid:None EditorOnly:0 RuntimeOnly:0 HLODRelevant:0
 |   |   |- Guid:05E37FB74C5BE4FBC52C79BB01593E09 BaseClass: NativeClass:/Script/Engine.SkeletalMeshActor Name:SkeletalMeshActor_UAID_B00CD162E1E71A2902_1729217383 Label:Anim_KidneyForwardFast02 SpatiallyLoaded:1 Bounds:IsValid=true, Min=(X=2360.631 Y=1884.126 Z=-0.121), Max=(X=2423.870 Y=1960.728 Z=168.217) RuntimeGrid:None EditorOnly:0 RuntimeOnly:0 HLODRelevant:0
 |   |   |- Guid:1A8BD8744944F7AB31BD0F8E1DF8D237 BaseClass: NativeClass:/Script/Engine.SkeletalMeshActor Name:SkeletalMeshActor_UAID_B00CD162E1E71A2902_1773362389 Label:Anim_KidneyBackwardRightSlow01 SpatiallyLoaded:1 Bounds:IsValid=true, Min=(X=761.242 Y=2681.852 Z=-0.014), Max=(X=838.969 Y=2738.192 Z=167.680) RuntimeGrid:None EditorOnly:0 RuntimeOnly:0 HLODRelevant:0
 |   |   |- Guid:2FB58999456391D349DC0F86DAC136ED BaseClass: NativeClass:/Script/Engine.SkyLight Name:SkyLight_1 Label:SkyLight SpatiallyLoaded:0 Bounds:IsValid=true, Min=(X=0.000 Y=0.000 Z=690.000), Max=(X=0.000 Y=0.000 Z=690.000) RuntimeGrid:None EditorOnly:0 RuntimeOnly:0 HLODRelevant:0 FolderPath:Lighting FolderGuid:963EC3EB4002CCE9759E2EBA541A873A
 |   |   |- Guid:316CF2A6494ACA4C0E4180A87D36AB8F BaseClass: NativeClass:/Script/Engine.ExponentialHeightFog Name:ExponentialHeightFog_0 Label:ExponentialHeightFog SpatiallyLoaded:0 Bounds:IsValid=true, Min=(X=-5600.000 Y=-50.000 Z=-6850.000), Max=(X=-5600.000 Y=-50.000 Z=-6850.000) RuntimeGrid:None EditorOnly:0 RuntimeOnly:0 HLODRelevant:0 FolderPath:Lighting FolderGuid:963EC3EB4002CCE9759E2EBA541A873A
 |   |   |- Guid:3992D250497E8B2CCBCB06A409F8B82E BaseClass: NativeClass:/Script/Engine.SkeletalMeshActor Name:SkeletalMeshActor_UAID_B00CD162E1E71A2902_1701998378 Label:Anim_KidneyLeftFast01 SpatiallyLoaded:1 Bounds:IsValid=true, Min=(X=1175.396 Y=1674.757 Z=-0.102), Max=(X=1241.365 Y=1731.101 Z=177.091) RuntimeGrid:None EditorOnly:0 RuntimeOnly:0 HLODRelevant:0
 |   |   |- Guid:3A00AA1C422CE54C0BDB60BAF471BFBB BaseClass: NativeClass:/Script/Engine.PlayerStart Name:PlayerStart_0 Label:PlayerStart SpatiallyLoaded:0 Bounds:IsValid=true, Min=(X=3702.000 Y=5868.000 Z=0.013), Max=(X=3782.000 Y=5948.000 Z=184.013) RuntimeGrid:None EditorOnly:0 RuntimeOnly:0 HLODRelevant:0
 |   |   |- Guid:4349E0F549A6454C95599D870B751342 BaseClass: NativeClass:/Script/Engine.SkeletalMeshActor Name:SkeletalMeshActor_UAID_B00CD162E1E71A2902_1693344375 Label:Anim_KidneyForwardFast01 SpatiallyLoaded:1 Bounds:IsValid=true, Min=(X=972.094 Y=1884.172 Z=-0.107), Max=(X=1035.320 Y=1960.724 Z=168.219) RuntimeGrid:None EditorOnly:0 RuntimeOnly:0 HLODRelevant:0
 |   |   |- Guid:4676CBC54F17AE098F9C3A85D2909466 BaseClass: NativeClass:/Script/Engine.SkeletalMeshActor Name:SkeletalMeshActor_UAID_B00CD162E1E71A2902_1731989384 Label:Anim_KidneyForwardLeftFast02 SpatiallyLoaded:1 Bounds:IsValid=true, Min=(X=2563.131 Y=1877.526 Z=0.077), Max=(X=2626.568 Y=1955.276 Z=170.552) RuntimeGrid:None EditorOnly:0 RuntimeOnly:0 HLODRelevant:0
 |   |   |- Guid:4D3BE93F4146AAAC8BBE79999D96D57F BaseClass: NativeClass:/Script/Engine.VolumetricCloud Name:VolumetricCloud_0 Label:VolumetricCloud SpatiallyLoaded:0 Bounds:IsValid=true, Min=(X=0.000 Y=0.000 Z=820.000), Max=(X=0.000 Y=0.000 Z=820.000) RuntimeGrid:None EditorOnly:0 RuntimeOnly:0 HLODRelevant:0 FolderPath:Lighting FolderGuid:963EC3EB4002CCE9759E2EBA541A873A
 |   |   |- Guid:5B97F4A64FB21F77EFC44386BF705B4C BaseClass: NativeClass:/Script/Engine.TextRenderActor Name:TextRenderActor_1 Label:TextRenderActor SpatiallyLoaded:1 Bounds:IsValid=true, Min=(X=-0.100 Y=1100.000 Z=65.013), Max=(X=-0.100 Y=2392.308 Z=215.013) RuntimeGrid:None EditorOnly:0 RuntimeOnly:0 HLODRelevant:0
 |   |   |- Guid:66B0D8AC4C88F30F0FEBCA96FDAB06D2 BaseClass: NativeClass:/Script/Engine.SkeletalMeshActor Name:SkeletalMeshActor_UAID_B00CD162E1E71A2902_1683998373 Label:Anim_KidneyBackwardLeftFast01 SpatiallyLoaded:1 Bounds:IsValid=true, Min=(X=1173.774 Y=1486.704 Z=-0.058), Max=(X=1242.907 Y=1530.057 Z=174.228) RuntimeGrid:None EditorOnly:0 RuntimeOnly:0 HLODRelevant:0
 |   |   |- Guid:6BAF4DDD444C60371492D3919DB42C97 BaseClass: NativeClass:/Script/Engine.WorldDataLayers Name:WorldDataLayers Label:WorldDataLayers SpatiallyLoaded:0 Bounds:IsValid=true, Min=(X=0.000 Y=0.000 Z=0.000), Max=(X=0.000 Y=0.000 Z=0.000) RuntimeGrid:None EditorOnly:0 RuntimeOnly:0 HLODRelevant:0
 |   |   |- Guid:7218E0954FC0E59D169332B8A06804DD BaseClass: NativeClass:/Script/Engine.SkeletalMeshActor Name:SkeletalMeshActor_UAID_B00CD162E1E71A2902_1789107393 Label:Anim_KidneyForwardSlow01 SpatiallyLoaded:1 Bounds:IsValid=true, Min=(X=979.355 Y=3051.982 Z=-3.096), Max=(X=1047.290 Y=3142.301 Z=158.396) RuntimeGrid:None EditorOnly:0 RuntimeOnly:0 HLODRelevant:0
 |   |   |- Guid:756DD0604D64E26A83C57B9B42DB3C3F BaseClass: NativeClass:/Script/Engine.SkeletalMeshActor Name:SkeletalMeshActor_UAID_B00CD162E1E71A2902_1739692387 Label:Anim_KidneyRightFast02 SpatiallyLoaded:1 Bounds:IsValid=true, Min=(X=2165.546 Y=1668.005 Z=-0.098), Max=(X=2231.983 Y=1724.226 Z=177.176) RuntimeGrid:None EditorOnly:0 RuntimeOnly:0 HLODRelevant:0
 |   |   |- Guid:77FAFEA64FBA2BFBE65E71A34E31AA71 BaseClass: NativeClass:/Script/Engine.SkeletalMeshActor Name:SkeletalMeshActor_UAID_B00CD162E1E71A2902_1781668391 Label:Anim_KidneyForwardLeftSlow01 SpatiallyLoaded:1 Bounds:IsValid=true, Min=(X=1172.767 Y=3045.432 Z=-3.157), Max=(X=1239.341 Y=3134.772 Z=158.830) RuntimeGrid:None EditorOnly:0 RuntimeOnly:0 HLODRelevant:0
 |   |   |- Guid:8A14E0D7403288067331A3887134D529 BaseClass: NativeClass:/Script/Engine.SkeletalMeshActor Name:SkeletalMeshActor_UAID_B00CD162E1E71A2902_1681351372 Label:Anim_KidneyBackwardFast01 SpatiallyLoaded:1 Bounds:IsValid=true, Min=(X=972.521 Y=1473.030 Z=-1.497), Max=(X=1041.609 Y=1520.328 Z=178.032) RuntimeGrid:None EditorOnly:0 RuntimeOnly:0 HLODRelevant:0
 |   |   |- Guid:8B1C75EF498F7FA78289B68BB21373AC BaseClass: NativeClass:/Script/Engine.SkeletalMeshActor Name:SkeletalMeshActor_UAID_B00CD162E1E71A2902_1664511369 Label:Anim_StartingPose08 SpatiallyLoaded:1 Bounds:IsValid=true, Min=(X=956.512 Y=772.898 Z=0.063), Max=(X=1029.534 Y=822.732 Z=165.779) RuntimeGrid:None EditorOnly:0 RuntimeOnly:0 HLODRelevant:0
 |   |   |- Guid:902CD45F4BDE35581B4B5F80E4964DF8 BaseClass: NativeClass:/Script/Engine.SkeletalMeshActor Name:SkeletalMeshActor_UAID_B00CD162E1E71A2902_1687137374 Label:Anim_KidneyBackwardRightFast01 SpatiallyLoaded:1 Bounds:IsValid=true, Min=(X=777.519 Y=1483.512 Z=-0.519), Max=(X=840.173 Y=1528.424 Z=174.539) RuntimeGrid:None EditorOnly:0 RuntimeOnly:0 HLODRelevant:0
 |   |   |- Guid:95393E354C643C013C4515AED1AFAA85 BaseClass: NativeClass:/Script/Engine.SkeletalMeshActor Name:SkeletalMeshActor_UAID_B00CD162E1E71A2902_1767309388 Label:Anim_KidneyBackwardLeftSlow01 SpatiallyLoaded:1 Bounds:IsValid=true, Min=(X=1154.689 Y=2655.262 Z=0.030), Max=(X=1228.253 Y=2728.612 Z=171.685) RuntimeGrid:None EditorOnly:0 RuntimeOnly:0 HLODRelevant:0
 |   |   |- Guid:9E6AC0CF47F684D9D57AAC9B38282170 BaseClass: NativeClass:/Script/Engine.SkeletalMeshActor Name:SkeletalMeshActor_UAID_B00CD162E1E71A2902_1737454386 Label:Anim_KidneyLeftFast02 SpatiallyLoaded:1 Bounds:IsValid=true, Min=(X=2566.828 Y=1669.831 Z=-0.409), Max=(X=2628.519 Y=1726.031 Z=178.055) RuntimeGrid:None EditorOnly:0 RuntimeOnly:0 HLODRelevant:0
 |   |   |- Guid:A62EDFF846295BC1F735AEB0B86361F3 BaseClass: NativeClass:/Script/Engine.SkeletalMeshActor Name:SkeletalMeshActor_UAID_B00CD162E1E71A2902_1662245368 Label:Anim_StartingPose07 SpatiallyLoaded:1 Bounds:IsValid=true, Min=(X=669.139 Y=775.859 Z=0.054), Max=(X=742.392 Y=825.691 Z=165.783) RuntimeGrid:None EditorOnly:0 RuntimeOnly:0 HLODRelevant:0
 |   |   |- Guid:AAE51E734E850C3D73A3EABFF165BD8B BaseClass: NativeClass:/Script/Engine.SkeletalMeshActor Name:SkeletalMeshActor_UAID_B00CD162E1E71A2902_1720181380 Label:Anim_KidneyBackwardFast02 SpatiallyLoaded:1 Bounds:IsValid=true, Min=(X=2365.317 Y=1464.082 Z=-1.495), Max=(X=2434.349 Y=1510.945 Z=178.033) RuntimeGrid:None EditorOnly:0 RuntimeOnly:0 HLODRelevant:0
 |   |   |- Guid:B785ED2844B84CFB91E7F39FE661CD99 BaseClass: NativeClass:/Script/Engine.DirectionalLight Name:DirectionalLight_0 Label:DirectionalLight SpatiallyLoaded:0 Bounds:IsValid=true, Min=(X=-4398046511104.000 Y=-4398046511104.000 Z=-4398046511104.000), Max=(X=4398046511104.000 Y=4398046511104.000 Z=4398046511104.000) RuntimeGrid:None EditorOnly:0 RuntimeOnly:0 HLODRelevant:0 FolderPath:Lighting FolderGuid:963EC3EB4002CCE9759E2EBA541A873A
 |   |   |- Guid:BB7B97DD4EF0C85E155CE7AC5E059EC4 BaseClass: NativeClass:/Script/Engine.SkeletalMeshActor Name:SkeletalMeshActor_UAID_B00CD162E1E71A2902_1723332381 Label:Anim_KidneyBackwardLeftFast02 SpatiallyLoaded:1 Bounds:IsValid=true, Min=(X=2559.473 Y=1469.647 Z=-0.525), Max=(X=2623.108 Y=1514.035 Z=174.451) RuntimeGrid:None EditorOnly:0 RuntimeOnly:0 HLODRelevant:0
 |   |   |- Guid:BC40738D4F3477891B1AAFA5B4BE8DA5 BaseClass: NativeClass:/Script/Engine.SkeletalMeshActor Name:SkeletalMeshActor_UAID_B00CD162E1E71A2902_1725708382 Label:Anim_KidneyBackwardRightFast02 SpatiallyLoaded:1 Bounds:IsValid=true, Min=(X=2159.569 Y=1477.751 Z=-0.110), Max=(X=2225.488 Y=1521.830 Z=174.126) RuntimeGrid:None EditorOnly:0 RuntimeOnly:0 HLODRelevant:0
 |   |   |- Guid:C5C10D9D4CEB7E962930F997544AB779 BaseClass: NativeClass:/Script/Engine.SkeletalMeshActor Name:SkeletalMeshActor_UAID_B00CD162E1E71A2902_1776298390 Label:Anim_KidneyBackwardSlow01 SpatiallyLoaded:1 Bounds:IsValid=true, Min=(X=979.070 Y=2643.270 Z=-3.012), Max=(X=1041.456 Y=2729.338 Z=172.774) RuntimeGrid:None EditorOnly:0 RuntimeOnly:0 HLODRelevant:0
 |   |   |- Guid:CCFF262C46EEFFDF319E7F9539CE697E BaseClass: NativeClass:/Script/Engine.SkyAtmosphere Name:SkyAtmosphere_0 Label:SkyAtmosphere SpatiallyLoaded:0 Bounds:IsValid=true, Min=(X=0.000 Y=0.000 Z=1020.000), Max=(X=0.000 Y=0.000 Z=1020.000) RuntimeGrid:None EditorOnly:0 RuntimeOnly:0 HLODRelevant:0 FolderPath:Lighting FolderGuid:963EC3EB4002CCE9759E2EBA541A873A
 |   |   |- Guid:CD2EF04D43424AED47B415A9096BC5DC BaseClass: NativeClass:/Script/Engine.SkeletalMeshActor Name:SkeletalMeshActor_UAID_B00CD162E1E71A2902_1734678385 Label:Anim_KidneyForwardRightFast02 SpatiallyLoaded:1 Bounds:IsValid=true, Min=(X=2151.186 Y=1883.051 Z=1.526), Max=(X=2223.387 Y=1956.993 Z=165.486) RuntimeGrid:None EditorOnly:0 RuntimeOnly:0 HLODRelevant:0
 |   |   |- Guid:CE3226C14DABE5EA221DE4A088858BA6 BaseClass: NativeClass:/Script/Engine.SkeletalMeshActor Name:SkeletalMeshActor_UAID_B00CD162E1E71A2902_1668693371 Label:Anim_StartingPose10 SpatiallyLoaded:1 Bounds:IsValid=true, Min=(X=1580.631 Y=765.232 Z=-8.268), Max=(X=1651.734 Y=847.019 Z=110.927) RuntimeGrid:None EditorOnly:0 RuntimeOnly:0 HLODRelevant:0
 |   |   |- Guid:CEF0C1E84048F6072E4EA5AEB84289F4 BaseClass: NativeClass:/Script/Engine.SkeletalMeshActor Name:SkeletalMeshActor_UAID_B00CD162E1E71A2902_1696209376 Label:Anim_KidneyForwardLeftFast01 SpatiallyLoaded:1 Bounds:IsValid=true, Min=(X=1173.613 Y=1889.038 Z=1.521), Max=(X=1246.591 Y=1963.010 Z=165.486) RuntimeGrid:None EditorOnly:0 RuntimeOnly:0 HLODRelevant:0
 |   |   |- Guid:D09B16364EDFD6FD8654D7B4E5C03465 BaseClass: NativeClass:/Script/Engine.SkeletalMeshActor Name:SkeletalMeshActor_UAID_B00CD162E1E71A2902_1705154379 Label:Anim_KidneyRightFast01 SpatiallyLoaded:1 Bounds:IsValid=true, Min=(X=769.298 Y=1664.509 Z=-0.392), Max=(X=830.610 Y=1721.181 Z=178.095) RuntimeGrid:None EditorOnly:0 RuntimeOnly:0 HLODRelevant:0
 |   |   |- Guid:DE11B302427E7B84862761B6986A9717 BaseClass: NativeClass:/Script/Engine.SkeletalMeshActor Name:SkeletalMeshActor_UAID_B00CD162E1E71A2902_1698942377 Label:Anim_KidneyForwardRightFast01 SpatiallyLoaded:1 Bounds:IsValid=true, Min=(X=776.408 Y=1891.537 Z=0.079), Max=(X=839.842 Y=1969.261 Z=170.563) RuntimeGrid:None EditorOnly:0 RuntimeOnly:0 HLODRelevant:0
 |   |   |- Guid:E5B956574149C27E4C68BAB687983CF5 BaseClass: NativeClass:/Script/Engine.SkeletalMeshActor Name:SkeletalMeshActor_UAID_B00CD162E1E71A2902_1666789370 Label:Anim_StartingPose09 SpatiallyLoaded:1 Bounds:IsValid=true, Min=(X=1255.034 Y=756.298 Z=-8.291), Max=(X=1326.521 Y=837.906 Z=110.958) RuntimeGrid:None EditorOnly:0 RuntimeOnly:0 HLODRelevant:0
 |   |   |- Guid:EC4E0C944CE6AC6E784BC6BB2916EA13 BaseClass: NativeClass:/Script/Engine.StaticMeshActor Name:StaticMeshActor_UAID_A4AE111137DC5EFB00_1110535423 Label:SM_SkySphere SpatiallyLoaded:0 Bounds:IsValid=true, Min=(X=-1638400.000 Y=-1638400.000 Z=-1638400.000), Max=(X=1638400.000 Y=1638400.000 Z=1638400.000) RuntimeGrid:None EditorOnly:0 RuntimeOnly:0 HLODRelevant:1 FolderPath:Lighting FolderGuid:963EC3EB4002CCE9759E2EBA541A873A
 |   |   |- Guid:ED5D12724AE01BC9B7EF1E8D26BA11C9 BaseClass: NativeClass:/Script/Engine.SkeletalMeshActor Name:SkeletalMeshActor_UAID_B00CD162E1E71A2902_1791583394 Label:Anim_KidneyLeftSlow01 SpatiallyLoaded:1 Bounds:IsValid=true, Min=(X=1165.066 Y=2880.625 Z=0.080), Max=(X=1238.629 Y=2928.806 Z=166.246) RuntimeGrid:None EditorOnly:0 RuntimeOnly:0 HLODRelevant:0
 |   |   |- Guid:F1924B8D48954B30891B2DB6A694F9CC BaseClass: NativeClass:/Script/Engine.StaticMeshActor Name:StaticMeshActor_1 Label:SM_Cube SpatiallyLoaded:1 Bounds:IsValid=true, Min=(X=0.000 Y=0.000 Z=-50.000), Max=(X=7230.000 Y=6760.000 Z=0.000) RuntimeGrid:None EditorOnly:0 RuntimeOnly:0 HLODRelevant:1 FolderPath:Playground FolderGuid:C73F09FC4215536B1DCE2A9E0A830C70
 |   |   |- Guid:F5E3FEB3450C49844FD93DA8E083C8AD BaseClass: NativeClass:/Script/Engine.PostProcessVolume Name:PostProcessVolume_0 Label:PostProcessVolume SpatiallyLoaded:0 Bounds:IsValid=true, Min=(X=0.000 Y=0.000 Z=400.000), Max=(X=200.000 Y=200.000 Z=600.000) RuntimeGrid:None EditorOnly:0 RuntimeOnly:0 HLODRelevant:0 FolderPath:Lighting FolderGuid:963EC3EB4002CCE9759E2EBA541A873A
 |   |   |- Guid:F613AD914133E4549B3782A953F61F5B BaseClass: NativeClass:/Script/Engine.SkeletalMeshActor Name:SkeletalMeshActor_UAID_B00CD162E1E71A2902_1785742392 Label:Anim_KidneyForwardRightSlow01 SpatiallyLoaded:1 Bounds:IsValid=true, Min=(X=760.699 Y=3056.585 Z=-3.339), Max=(X=840.770 Y=3144.660 Z=158.629) RuntimeGrid:None EditorOnly:0 RuntimeOnly:0 HLODRelevant:0
 |   |- [+] Clusters:
 |   |   |- [+] [  0]
 |   |   |   |- Guid:2FB58999456391D349DC0F86DAC136ED BaseClass: NativeClass:/Script/Engine.SkyLight Name:SkyLight_1 Label:SkyLight SpatiallyLoaded:0 Bounds:IsValid=true, Min=(X=0.000 Y=0.000 Z=690.000), Max=(X=0.000 Y=0.000 Z=690.000) RuntimeGrid:None EditorOnly:0 RuntimeOnly:0 HLODRelevant:0 FolderPath:Lighting FolderGuid:963EC3EB4002CCE9759E2EBA541A873A
 |   |   |- [+] [  1]
 |   |   |   |- Guid:CCFF262C46EEFFDF319E7F9539CE697E BaseClass: NativeClass:/Script/Engine.SkyAtmosphere Name:SkyAtmosphere_0 Label:SkyAtmosphere SpatiallyLoaded:0 Bounds:IsValid=true, Min=(X=0.000 Y=0.000 Z=1020.000), Max=(X=0.000 Y=0.000 Z=1020.000) RuntimeGrid:None EditorOnly:0 RuntimeOnly:0 HLODRelevant:0 FolderPath:Lighting FolderGuid:963EC3EB4002CCE9759E2EBA541A873A
 |   |   |- [+] [  2]
 |   |   |   |- Guid:5B97F4A64FB21F77EFC44386BF705B4C BaseClass: NativeClass:/Script/Engine.TextRenderActor Name:TextRenderActor_1 Label:TextRenderActor SpatiallyLoaded:1 Bounds:IsValid=true, Min=(X=-0.100 Y=1100.000 Z=65.013), Max=(X=-0.100 Y=2392.308 Z=215.013) RuntimeGrid:None EditorOnly:0 RuntimeOnly:0 HLODRelevant:0
 |   |   |- [+] [  3]
 |   |   |   |- Guid:6BAF4DDD444C60371492D3919DB42C97 BaseClass: NativeClass:/Script/Engine.WorldDataLayers Name:WorldDataLayers Label:WorldDataLayers SpatiallyLoaded:0 Bounds:IsValid=true, Min=(X=0.000 Y=0.000 Z=0.000), Max=(X=0.000 Y=0.000 Z=0.000) RuntimeGrid:None EditorOnly:0 RuntimeOnly:0 HLODRelevant:0
 |   |   |- [+] [  4]
 |   |   |   |- Guid:4D3BE93F4146AAAC8BBE79999D96D57F BaseClass: NativeClass:/Script/Engine.VolumetricCloud Name:VolumetricCloud_0 Label:VolumetricCloud SpatiallyLoaded:0 Bounds:IsValid=true, Min=(X=0.000 Y=0.000 Z=820.000), Max=(X=0.000 Y=0.000 Z=820.000) RuntimeGrid:None EditorOnly:0 RuntimeOnly:0 HLODRelevant:0 FolderPath:Lighting FolderGuid:963EC3EB4002CCE9759E2EBA541A873A
 |   |   |- [+] [  5]
 |   |   |   |- Guid:EC4E0C944CE6AC6E784BC6BB2916EA13 BaseClass: NativeClass:/Script/Engine.StaticMeshActor Name:StaticMeshActor_UAID_A4AE111137DC5EFB00_1110535423 Label:SM_SkySphere SpatiallyLoaded:0 Bounds:IsValid=true, Min=(X=-1638400.000 Y=-1638400.000 Z=-1638400.000), Max=(X=1638400.000 Y=1638400.000 Z=1638400.000) RuntimeGrid:None EditorOnly:0 RuntimeOnly:0 HLODRelevant:1 FolderPath:Lighting FolderGuid:963EC3EB4002CCE9759E2EBA541A873A
 |   |   |- [+] [  6]
 |   |   |   |- Guid:B785ED2844B84CFB91E7F39FE661CD99 BaseClass: NativeClass:/Script/Engine.DirectionalLight Name:DirectionalLight_0 Label:DirectionalLight SpatiallyLoaded:0 Bounds:IsValid=true, Min=(X=-4398046511104.000 Y=-4398046511104.000 Z=-4398046511104.000), Max=(X=4398046511104.000 Y=4398046511104.000 Z=4398046511104.000) RuntimeGrid:None EditorOnly:0 RuntimeOnly:0 HLODRelevant:0 FolderPath:Lighting FolderGuid:963EC3EB4002CCE9759E2EBA541A873A
 |   |   |- [+] [  7]
 |   |   |   |- Guid:F1924B8D48954B30891B2DB6A694F9CC BaseClass: NativeClass:/Script/Engine.StaticMeshActor Name:StaticMeshActor_1 Label:SM_Cube SpatiallyLoaded:1 Bounds:IsValid=true, Min=(X=0.000 Y=0.000 Z=-50.000), Max=(X=7230.000 Y=6760.000 Z=0.000) RuntimeGrid:None EditorOnly:0 RuntimeOnly:0 HLODRelevant:1 FolderPath:Playground FolderGuid:C73F09FC4215536B1DCE2A9E0A830C70
 |   |   |- [+] [  8]
 |   |   |   |- Guid:F5E3FEB3450C49844FD93DA8E083C8AD BaseClass: NativeClass:/Script/Engine.PostProcessVolume Name:PostProcessVolume_0 Label:PostProcessVolume SpatiallyLoaded:0 Bounds:IsValid=true, Min=(X=0.000 Y=0.000 Z=400.000), Max=(X=200.000 Y=200.000 Z=600.000) RuntimeGrid:None EditorOnly:0 RuntimeOnly:0 HLODRelevant:0 FolderPath:Lighting FolderGuid:963EC3EB4002CCE9759E2EBA541A873A
 |   |   |- [+] [  9]
 |   |   |   |- Guid:3A00AA1C422CE54C0BDB60BAF471BFBB BaseClass: NativeClass:/Script/Engine.PlayerStart Name:PlayerStart_0 Label:PlayerStart SpatiallyLoaded:0 Bounds:IsValid=true, Min=(X=3702.000 Y=5868.000 Z=0.013), Max=(X=3782.000 Y=5948.000 Z=184.013) RuntimeGrid:None EditorOnly:0 RuntimeOnly:0 HLODRelevant:0
 |   |   |- [+] [ 10]
 |   |   |   |- Guid:316CF2A6494ACA4C0E4180A87D36AB8F BaseClass: NativeClass:/Script/Engine.ExponentialHeightFog Name:ExponentialHeightFog_0 Label:ExponentialHeightFog SpatiallyLoaded:0 Bounds:IsValid=true, Min=(X=-5600.000 Y=-50.000 Z=-6850.000), Max=(X=-5600.000 Y=-50.000 Z=-6850.000) RuntimeGrid:None EditorOnly:0 RuntimeOnly:0 HLODRelevant:0 FolderPath:Lighting FolderGuid:963EC3EB4002CCE9759E2EBA541A873A
 |   |   |- [+] [ 11]
 |   |   |   |- Guid:A62EDFF846295BC1F735AEB0B86361F3 BaseClass: NativeClass:/Script/Engine.SkeletalMeshActor Name:SkeletalMeshActor_UAID_B00CD162E1E71A2902_1662245368 Label:Anim_StartingPose07 SpatiallyLoaded:1 Bounds:IsValid=true, Min=(X=669.139 Y=775.859 Z=0.054), Max=(X=742.392 Y=825.691 Z=165.783) RuntimeGrid:None EditorOnly:0 RuntimeOnly:0 HLODRelevant:0
 |   |   |- [+] [ 12]
 |   |   |   |- Guid:8B1C75EF498F7FA78289B68BB21373AC BaseClass: NativeClass:/Script/Engine.SkeletalMeshActor Name:SkeletalMeshActor_UAID_B00CD162E1E71A2902_1664511369 Label:Anim_StartingPose08 SpatiallyLoaded:1 Bounds:IsValid=true, Min=(X=956.512 Y=772.898 Z=0.063), Max=(X=1029.534 Y=822.732 Z=165.779) RuntimeGrid:None EditorOnly:0 RuntimeOnly:0 HLODRelevant:0
 |   |   |- [+] [ 13]
 |   |   |   |- Guid:E5B956574149C27E4C68BAB687983CF5 BaseClass: NativeClass:/Script/Engine.SkeletalMeshActor Name:SkeletalMeshActor_UAID_B00CD162E1E71A2902_1666789370 Label:Anim_StartingPose09 SpatiallyLoaded:1 Bounds:IsValid=true, Min=(X=1255.034 Y=756.298 Z=-8.291), Max=(X=1326.521 Y=837.906 Z=110.958) RuntimeGrid:None EditorOnly:0 RuntimeOnly:0 HLODRelevant:0
 |   |   |- [+] [ 14]
 |   |   |   |- Guid:CE3226C14DABE5EA221DE4A088858BA6 BaseClass: NativeClass:/Script/Engine.SkeletalMeshActor Name:SkeletalMeshActor_UAID_B00CD162E1E71A2902_1668693371 Label:Anim_StartingPose10 SpatiallyLoaded:1 Bounds:IsValid=true, Min=(X=1580.631 Y=765.232 Z=-8.268), Max=(X=1651.734 Y=847.019 Z=110.927) RuntimeGrid:None EditorOnly:0 RuntimeOnly:0 HLODRelevant:0
 |   |   |- [+] [ 15]
 |   |   |   |- Guid:8A14E0D7403288067331A3887134D529 BaseClass: NativeClass:/Script/Engine.SkeletalMeshActor Name:SkeletalMeshActor_UAID_B00CD162E1E71A2902_1681351372 Label:Anim_KidneyBackwardFast01 SpatiallyLoaded:1 Bounds:IsValid=true, Min=(X=972.521 Y=1473.030 Z=-1.497), Max=(X=1041.609 Y=1520.328 Z=178.032) RuntimeGrid:None EditorOnly:0 RuntimeOnly:0 HLODRelevant:0
 |   |   |- [+] [ 16]
 |   |   |   |- Guid:66B0D8AC4C88F30F0FEBCA96FDAB06D2 BaseClass: NativeClass:/Script/Engine.SkeletalMeshActor Name:SkeletalMeshActor_UAID_B00CD162E1E71A2902_1683998373 Label:Anim_KidneyBackwardLeftFast01 SpatiallyLoaded:1 Bounds:IsValid=true, Min=(X=1173.774 Y=1486.704 Z=-0.058), Max=(X=1242.907 Y=1530.057 Z=174.228) RuntimeGrid:None EditorOnly:0 RuntimeOnly:0 HLODRelevant:0
 |   |   |- [+] [ 17]
 |   |   |   |- Guid:902CD45F4BDE35581B4B5F80E4964DF8 BaseClass: NativeClass:/Script/Engine.SkeletalMeshActor Name:SkeletalMeshActor_UAID_B00CD162E1E71A2902_1687137374 Label:Anim_KidneyBackwardRightFast01 SpatiallyLoaded:1 Bounds:IsValid=true, Min=(X=777.519 Y=1483.512 Z=-0.519), Max=(X=840.173 Y=1528.424 Z=174.539) RuntimeGrid:None EditorOnly:0 RuntimeOnly:0 HLODRelevant:0
 |   |   |- [+] [ 18]
 |   |   |   |- Guid:4349E0F549A6454C95599D870B751342 BaseClass: NativeClass:/Script/Engine.SkeletalMeshActor Name:SkeletalMeshActor_UAID_B00CD162E1E71A2902_1693344375 Label:Anim_KidneyForwardFast01 SpatiallyLoaded:1 Bounds:IsValid=true, Min=(X=972.094 Y=1884.172 Z=-0.107), Max=(X=1035.320 Y=1960.724 Z=168.219) RuntimeGrid:None EditorOnly:0 RuntimeOnly:0 HLODRelevant:0
 |   |   |- [+] [ 19]
 |   |   |   |- Guid:CEF0C1E84048F6072E4EA5AEB84289F4 BaseClass: NativeClass:/Script/Engine.SkeletalMeshActor Name:SkeletalMeshActor_UAID_B00CD162E1E71A2902_1696209376 Label:Anim_KidneyForwardLeftFast01 SpatiallyLoaded:1 Bounds:IsValid=true, Min=(X=1173.613 Y=1889.038 Z=1.521), Max=(X=1246.591 Y=1963.010 Z=165.486) RuntimeGrid:None EditorOnly:0 RuntimeOnly:0 HLODRelevant:0
 |   |   |- [+] [ 20]
 |   |   |   |- Guid:DE11B302427E7B84862761B6986A9717 BaseClass: NativeClass:/Script/Engine.SkeletalMeshActor Name:SkeletalMeshActor_UAID_B00CD162E1E71A2902_1698942377 Label:Anim_KidneyForwardRightFast01 SpatiallyLoaded:1 Bounds:IsValid=true, Min=(X=776.408 Y=1891.537 Z=0.079), Max=(X=839.842 Y=1969.261 Z=170.563) RuntimeGrid:None EditorOnly:0 RuntimeOnly:0 HLODRelevant:0
 |   |   |- [+] [ 21]
 |   |   |   |- Guid:3992D250497E8B2CCBCB06A409F8B82E BaseClass: NativeClass:/Script/Engine.SkeletalMeshActor Name:SkeletalMeshActor_UAID_B00CD162E1E71A2902_1701998378 Label:Anim_KidneyLeftFast01 SpatiallyLoaded:1 Bounds:IsValid=true, Min=(X=1175.396 Y=1674.757 Z=-0.102), Max=(X=1241.365 Y=1731.101 Z=177.091) RuntimeGrid:None EditorOnly:0 RuntimeOnly:0 HLODRelevant:0
 |   |   |- [+] [ 22]
 |   |   |   |- Guid:D09B16364EDFD6FD8654D7B4E5C03465 BaseClass: NativeClass:/Script/Engine.SkeletalMeshActor Name:SkeletalMeshActor_UAID_B00CD162E1E71A2902_1705154379 Label:Anim_KidneyRightFast01 SpatiallyLoaded:1 Bounds:IsValid=true, Min=(X=769.298 Y=1664.509 Z=-0.392), Max=(X=830.610 Y=1721.181 Z=178.095) RuntimeGrid:None EditorOnly:0 RuntimeOnly:0 HLODRelevant:0
 |   |   |- [+] [ 23]
 |   |   |   |- Guid:AAE51E734E850C3D73A3EABFF165BD8B BaseClass: NativeClass:/Script/Engine.SkeletalMeshActor Name:SkeletalMeshActor_UAID_B00CD162E1E71A2902_1720181380 Label:Anim_KidneyBackwardFast02 SpatiallyLoaded:1 Bounds:IsValid=true, Min=(X=2365.317 Y=1464.082 Z=-1.495), Max=(X=2434.349 Y=1510.945 Z=178.033) RuntimeGrid:None EditorOnly:0 RuntimeOnly:0 HLODRelevant:0
 |   |   |- [+] [ 24]
 |   |   |   |- Guid:BB7B97DD4EF0C85E155CE7AC5E059EC4 BaseClass: NativeClass:/Script/Engine.SkeletalMeshActor Name:SkeletalMeshActor_UAID_B00CD162E1E71A2902_1723332381 Label:Anim_KidneyBackwardLeftFast02 SpatiallyLoaded:1 Bounds:IsValid=true, Min=(X=2559.473 Y=1469.647 Z=-0.525), Max=(X=2623.108 Y=1514.035 Z=174.451) RuntimeGrid:None EditorOnly:0 RuntimeOnly:0 HLODRelevant:0
 |   |   |- [+] [ 25]
 |   |   |   |- Guid:BC40738D4F3477891B1AAFA5B4BE8DA5 BaseClass: NativeClass:/Script/Engine.SkeletalMeshActor Name:SkeletalMeshActor_UAID_B00CD162E1E71A2902_1725708382 Label:Anim_KidneyBackwardRightFast02 SpatiallyLoaded:1 Bounds:IsValid=true, Min=(X=2159.569 Y=1477.751 Z=-0.110), Max=(X=2225.488 Y=1521.830 Z=174.126) RuntimeGrid:None EditorOnly:0 RuntimeOnly:0 HLODRelevant:0
 |   |   |- [+] [ 26]
 |   |   |   |- Guid:05E37FB74C5BE4FBC52C79BB01593E09 BaseClass: NativeClass:/Script/Engine.SkeletalMeshActor Name:SkeletalMeshActor_UAID_B00CD162E1E71A2902_1729217383 Label:Anim_KidneyForwardFast02 SpatiallyLoaded:1 Bounds:IsValid=true, Min=(X=2360.631 Y=1884.126 Z=-0.121), Max=(X=2423.870 Y=1960.728 Z=168.217) RuntimeGrid:None EditorOnly:0 RuntimeOnly:0 HLODRelevant:0
 |   |   |- [+] [ 27]
 |   |   |   |- Guid:4676CBC54F17AE098F9C3A85D2909466 BaseClass: NativeClass:/Script/Engine.SkeletalMeshActor Name:SkeletalMeshActor_UAID_B00CD162E1E71A2902_1731989384 Label:Anim_KidneyForwardLeftFast02 SpatiallyLoaded:1 Bounds:IsValid=true, Min=(X=2563.131 Y=1877.526 Z=0.077), Max=(X=2626.568 Y=1955.276 Z=170.552) RuntimeGrid:None EditorOnly:0 RuntimeOnly:0 HLODRelevant:0
 |   |   |- [+] [ 28]
 |   |   |   |- Guid:CD2EF04D43424AED47B415A9096BC5DC BaseClass: NativeClass:/Script/Engine.SkeletalMeshActor Name:SkeletalMeshActor_UAID_B00CD162E1E71A2902_1734678385 Label:Anim_KidneyForwardRightFast02 SpatiallyLoaded:1 Bounds:IsValid=true, Min=(X=2151.186 Y=1883.051 Z=1.526), Max=(X=2223.387 Y=1956.993 Z=165.486) RuntimeGrid:None EditorOnly:0 RuntimeOnly:0 HLODRelevant:0
 |   |   |- [+] [ 29]
 |   |   |   |- Guid:9E6AC0CF47F684D9D57AAC9B38282170 BaseClass: NativeClass:/Script/Engine.SkeletalMeshActor Name:SkeletalMeshActor_UAID_B00CD162E1E71A2902_1737454386 Label:Anim_KidneyLeftFast02 SpatiallyLoaded:1 Bounds:IsValid=true, Min=(X=2566.828 Y=1669.831 Z=-0.409), Max=(X=2628.519 Y=1726.031 Z=178.055) RuntimeGrid:None EditorOnly:0 RuntimeOnly:0 HLODRelevant:0
 |   |   |- [+] [ 30]
 |   |   |   |- Guid:756DD0604D64E26A83C57B9B42DB3C3F BaseClass: NativeClass:/Script/Engine.SkeletalMeshActor Name:SkeletalMeshActor_UAID_B00CD162E1E71A2902_1739692387 Label:Anim_KidneyRightFast02 SpatiallyLoaded:1 Bounds:IsValid=true, Min=(X=2165.546 Y=1668.005 Z=-0.098), Max=(X=2231.983 Y=1724.226 Z=177.176) RuntimeGrid:None EditorOnly:0 RuntimeOnly:0 HLODRelevant:0
 |   |   |- [+] [ 31]
 |   |   |   |- Guid:95393E354C643C013C4515AED1AFAA85 BaseClass: NativeClass:/Script/Engine.SkeletalMeshActor Name:SkeletalMeshActor_UAID_B00CD162E1E71A2902_1767309388 Label:Anim_KidneyBackwardLeftSlow01 SpatiallyLoaded:1 Bounds:IsValid=true, Min=(X=1154.689 Y=2655.262 Z=0.030), Max=(X=1228.253 Y=2728.612 Z=171.685) RuntimeGrid:None EditorOnly:0 RuntimeOnly:0 HLODRelevant:0
 |   |   |- [+] [ 32]
 |   |   |   |- Guid:1A8BD8744944F7AB31BD0F8E1DF8D237 BaseClass: NativeClass:/Script/Engine.SkeletalMeshActor Name:SkeletalMeshActor_UAID_B00CD162E1E71A2902_1773362389 Label:Anim_KidneyBackwardRightSlow01 SpatiallyLoaded:1 Bounds:IsValid=true, Min=(X=761.242 Y=2681.852 Z=-0.014), Max=(X=838.969 Y=2738.192 Z=167.680) RuntimeGrid:None EditorOnly:0 RuntimeOnly:0 HLODRelevant:0
 |   |   |- [+] [ 33]
 |   |   |   |- Guid:C5C10D9D4CEB7E962930F997544AB779 BaseClass: NativeClass:/Script/Engine.SkeletalMeshActor Name:SkeletalMeshActor_UAID_B00CD162E1E71A2902_1776298390 Label:Anim_KidneyBackwardSlow01 SpatiallyLoaded:1 Bounds:IsValid=true, Min=(X=979.070 Y=2643.270 Z=-3.012), Max=(X=1041.456 Y=2729.338 Z=172.774) RuntimeGrid:None EditorOnly:0 RuntimeOnly:0 HLODRelevant:0
 |   |   |- [+] [ 34]
 |   |   |   |- Guid:77FAFEA64FBA2BFBE65E71A34E31AA71 BaseClass: NativeClass:/Script/Engine.SkeletalMeshActor Name:SkeletalMeshActor_UAID_B00CD162E1E71A2902_1781668391 Label:Anim_KidneyForwardLeftSlow01 SpatiallyLoaded:1 Bounds:IsValid=true, Min=(X=1172.767 Y=3045.432 Z=-3.157), Max=(X=1239.341 Y=3134.772 Z=158.830) RuntimeGrid:None EditorOnly:0 RuntimeOnly:0 HLODRelevant:0
 |   |   |- [+] [ 35]
 |   |   |   |- Guid:F613AD914133E4549B3782A953F61F5B BaseClass: NativeClass:/Script/Engine.SkeletalMeshActor Name:SkeletalMeshActor_UAID_B00CD162E1E71A2902_1785742392 Label:Anim_KidneyForwardRightSlow01 SpatiallyLoaded:1 Bounds:IsValid=true, Min=(X=760.699 Y=3056.585 Z=-3.339), Max=(X=840.770 Y=3144.660 Z=158.629) RuntimeGrid:None EditorOnly:0 RuntimeOnly:0 HLODRelevant:0
 |   |   |- [+] [ 36]
 |   |   |   |- Guid:7218E0954FC0E59D169332B8A06804DD BaseClass: NativeClass:/Script/Engine.SkeletalMeshActor Name:SkeletalMeshActor_UAID_B00CD162E1E71A2902_1789107393 Label:Anim_KidneyForwardSlow01 SpatiallyLoaded:1 Bounds:IsValid=true, Min=(X=979.355 Y=3051.982 Z=-3.096), Max=(X=1047.290 Y=3142.301 Z=158.396) RuntimeGrid:None EditorOnly:0 RuntimeOnly:0 HLODRelevant:0
 |   |   |- [+] [ 37]
 |   |   |   |- Guid:ED5D12724AE01BC9B7EF1E8D26BA11C9 BaseClass: NativeClass:/Script/Engine.SkeletalMeshActor Name:SkeletalMeshActor_UAID_B00CD162E1E71A2902_1791583394 Label:Anim_KidneyLeftSlow01 SpatiallyLoaded:1 Bounds:IsValid=true, Min=(X=1165.066 Y=2880.625 Z=0.080), Max=(X=1238.629 Y=2928.806 Z=166.246) RuntimeGrid:None EditorOnly:0 RuntimeOnly:0 HLODRelevant:0
 |   |   |- [+] [ 38]
 |   |   |   |- Guid:00D2C3C64BFC581C617A9998025F2D7E BaseClass: NativeClass:/Script/Engine.SkeletalMeshActor Name:SkeletalMeshActor_UAID_B00CD162E1E71A2902_1794640395 Label:Anim_KidneyRightSlow01 SpatiallyLoaded:1 Bounds:IsValid=true, Min=(X=751.105 Y=2874.672 Z=-0.209), Max=(X=828.001 Y=2924.369 Z=167.814) RuntimeGrid:None EditorOnly:0 RuntimeOnly:0 HLODRelevant:0
 |- ContainerInstances:
 |- [+] MainContainer:
 |   |-        ID: 0x0000000000000000
 |   |-    Bounds: IsValid=false, Min=(X=0.000 Y=0.000 Z=0.000), Max=(X=0.000 Y=0.000 Z=0.000)
 |   |- Transform: 0.000000,0.000000,0.000000|0.000000,0.000000,-0.000000|1.000000,1.000000,1.000000
 |   |- Container: /Game/InjuredWalk1And2/Demo/Maps/ThirdPersonMap
----------------------------------------------------------------------------------------------------------------
ThirdPersonMap - Persistent Level
----------------------------------------------------------------------------------------------------------------
Always loaded Actor Count: 234 

----------------------------------------------------------------------------------------------------------------
ThirdPersonMap - Runtime Spatial Hash - Streaming Grid - MainGrid
----------------------------------------------------------------------------------------------------------------
            Origin: X=0.000 Y=0.000 Z=0.000
         Cell Size: 12800
      World Bounds: IsValid=false, Min=(X=0.000 Y=0.000 Z=0.000), Max=(X=0.000 Y=0.000 Z=0.000)
     Loading Range: 25600.00
Block Slow Loading: No
 ClientOnlyVisible: No

[+] Grid Levels: 1
 |- Level  0: Cell Count    0 | Cell Size   12800 | Actor Count    0 (0.0%)

[+] Content of Grid Level 0

