[+] Containers:
 |- [+] Container: /Game/InjuredWalkPart2/Demo/Maps/ThirdPersonMap
 |   |- [+] ActorDescs:
 |   |   |- Guid:01ED6FA34909773B33D656A1E3DF42F8 BaseClass: NativeClass:/Script/Engine.SkeletalMeshActor Name:SkeletalMeshActor_UAID_B00CD162E1E7C02302_1278337261 Label:Anim_BrokenLegsSlowForwardRight01 SpatiallyLoaded:1 Bounds:IsValid=true, Min=(X=1887.903 Y=1014.078 Z=-7.397), Max=(X=2064.139 Y=1183.384 Z=41.505) RuntimeGrid:None EditorOnly:0 RuntimeOnly:0 HLODRelevant:0
 |   |   |- Guid:038849A94674E0CD0EAECD924DFB72D7 BaseClass: NativeClass:/Script/Engine.SkeletalMeshActor Name:SkeletalMeshActor_UAID_B00CD162E1E7C02302_1281082262 Label:Anim_BrokenLegsSlowLeft01 SpatiallyLoaded:1 Bounds:IsValid=true, Min=(X=2311.580 Y=860.620 Z=-7.381), Max=(X=2528.414 Y=925.039 Z=41.494) RuntimeGrid:None EditorOnly:0 RuntimeOnly:0 HLODRelevant:0
 |   |   |- Guid:132C0447424DFABA419CB0B7F3DDBC97 BaseClass: NativeClass:/Script/Engine.SkeletalMeshActor Name:SkeletalMeshActor_UAID_B00CD162E1E7C02302_1265478257 Label:Anim_BrokenLegsSlowBackwardLeft01 SpatiallyLoaded:1 Bounds:IsValid=true, Min=(X=2349.249 Y=525.340 Z=-7.402), Max=(X=2515.443 Y=704.029 Z=41.992) RuntimeGrid:None EditorOnly:0 RuntimeOnly:0 HLODRelevant:0
 |   |   |- Guid:1EF91DCC4A1D93B69AD608AA37B14A2B BaseClass: NativeClass:/Script/Engine.SkeletalMeshActor Name:SkeletalMeshActor_UAID_B00CD162E1E7C02302_1268621258 Label:Anim_BrokenLegsSlowBackwardRight01 SpatiallyLoaded:1 Bounds:IsValid=true, Min=(X=1874.555 Y=525.336 Z=-7.390), Max=(X=2040.713 Y=704.173 Z=41.500) RuntimeGrid:None EditorOnly:0 RuntimeOnly:0 HLODRelevant:0
 |   |   |- Guid:20316B7C4ED62CFC3F89CFB1C15996A0 BaseClass: NativeClass:/Script/Engine.SkeletalMeshActor Name:SkeletalMeshActor_UAID_B00CD162E1E7C02302_1213537249 Label:Anim_BrokenLegsFastBackwardRight01 SpatiallyLoaded:1 Bounds:IsValid=true, Min=(X=464.631 Y=485.327 Z=-7.377), Max=(X=636.884 Y=665.915 Z=41.502) RuntimeGrid:None EditorOnly:0 RuntimeOnly:0 HLODRelevant:0
 |   |   |- Guid:27B87DA245B11C1ABB998BB831403B39 BaseClass: NativeClass:/Script/Engine.SkeletalMeshActor Name:SkeletalMeshActor_UAID_B00CD162E1E7C02302_1304788265 Label:Anim_CrawlFastBackwardLeft02 SpatiallyLoaded:1 Bounds:IsValid=true, Min=(X=952.126 Y=1756.538 Z=-5.320), Max=(X=1099.156 Y=1851.468 Z=65.659) RuntimeGrid:None EditorOnly:0 RuntimeOnly:0 HLODRelevant:0
 |   |   |- Guid:2CB8DEC649859333F1AD56AF7A922192 BaseClass: NativeClass:/Script/Engine.SkeletalMeshActor Name:SkeletalMeshActor_UAID_B00CD162E1E7C02302_1201750247 Label:Anim_BrokenLegsFastBackward01 SpatiallyLoaded:1 Bounds:IsValid=true, Min=(X=767.441 Y=474.018 Z=-7.371), Max=(X=830.588 Y=696.406 Z=41.502) RuntimeGrid:None EditorOnly:0 RuntimeOnly:0 HLODRelevant:0
 |   |   |- Guid:2FB58999456391D349DC0F86DAC136ED BaseClass: NativeClass:/Script/Engine.SkyLight Name:SkyLight_1 Label:SkyLight SpatiallyLoaded:0 Bounds:IsValid=true, Min=(X=0.000 Y=0.000 Z=690.000), Max=(X=0.000 Y=0.000 Z=690.000) RuntimeGrid:None EditorOnly:0 RuntimeOnly:0 HLODRelevant:0 FolderPath:Lighting FolderGuid:963EC3EB4002CCE9759E2EBA541A873A
 |   |   |- Guid:316CF2A6494ACA4C0E4180A87D36AB8F BaseClass: NativeClass:/Script/Engine.ExponentialHeightFog Name:ExponentialHeightFog_0 Label:ExponentialHeightFog SpatiallyLoaded:0 Bounds:IsValid=true, Min=(X=-5600.000 Y=-50.000 Z=-6850.000), Max=(X=-5600.000 Y=-50.000 Z=-6850.000) RuntimeGrid:None EditorOnly:0 RuntimeOnly:0 HLODRelevant:0 FolderPath:Lighting FolderGuid:963EC3EB4002CCE9759E2EBA541A873A
 |   |   |- Guid:3A00AA1C422CE54C0BDB60BAF471BFBB BaseClass: NativeClass:/Script/Engine.PlayerStart Name:PlayerStart_0 Label:PlayerStart SpatiallyLoaded:0 Bounds:IsValid=true, Min=(X=860.000 Y=1070.000 Z=0.013), Max=(X=940.000 Y=1150.000 Z=184.013) RuntimeGrid:None EditorOnly:0 RuntimeOnly:0 HLODRelevant:0
 |   |   |- Guid:41F050A947248762A14F5792E3FE7A0E BaseClass: NativeClass:/Script/Engine.SkeletalMeshActor Name:SkeletalMeshActor_UAID_B00CD162E1E7C02302_1312794268 Label:Anim_CrawlFastForwardLeft02 SpatiallyLoaded:1 Bounds:IsValid=true, Min=(X=972.584 Y=2137.882 Z=-5.342), Max=(X=1077.614 Y=2279.185 Z=69.494) RuntimeGrid:None EditorOnly:0 RuntimeOnly:0 HLODRelevant:0
 |   |   |- Guid:490A4FE24DEC18DD58B20DBCCFF8D436 BaseClass: NativeClass:/Script/Engine.SkeletalMeshActor Name:SkeletalMeshActor_UAID_B00CD162E1E7C02302_1310627267 Label:Anim_CrawlFastForward02 SpatiallyLoaded:1 Bounds:IsValid=true, Min=(X=766.733 Y=2139.976 Z=-5.330), Max=(X=854.891 Y=2302.614 Z=69.498) RuntimeGrid:None EditorOnly:0 RuntimeOnly:0 HLODRelevant:0
 |   |   |- Guid:4D3BE93F4146AAAC8BBE79999D96D57F BaseClass: NativeClass:/Script/Engine.VolumetricCloud Name:VolumetricCloud_0 Label:VolumetricCloud SpatiallyLoaded:0 Bounds:IsValid=true, Min=(X=0.000 Y=0.000 Z=820.000), Max=(X=0.000 Y=0.000 Z=820.000) RuntimeGrid:None EditorOnly:0 RuntimeOnly:0 HLODRelevant:0 FolderPath:Lighting FolderGuid:963EC3EB4002CCE9759E2EBA541A873A
 |   |   |- Guid:59C8F7274270587FFF5970993D16FB5D BaseClass: NativeClass:/Script/Engine.SkeletalMeshActor Name:SkeletalMeshActor_UAID_B00CD162E1E7C02302_1307422266 Label:Anim_CrawlFastBackwardRight02 SpatiallyLoaded:1 Bounds:IsValid=true, Min=(X=538.126 Y=1729.581 Z=-5.338), Max=(X=646.058 Y=1870.222 Z=65.476) RuntimeGrid:None EditorOnly:0 RuntimeOnly:0 HLODRelevant:0
 |   |   |- Guid:5B97F4A64FB21F77EFC44386BF705B4C BaseClass: NativeClass:/Script/Engine.TextRenderActor Name:TextRenderActor_1 Label:TextRenderActor SpatiallyLoaded:1 Bounds:IsValid=true, Min=(X=-0.100 Y=1100.000 Z=65.013), Max=(X=-0.100 Y=2392.308 Z=215.013) RuntimeGrid:None EditorOnly:0 RuntimeOnly:0 HLODRelevant:0
 |   |   |- Guid:5EEB552D4AD8248E52B3ADAEBA1E37BB BaseClass: NativeClass:/Script/Engine.SkeletalMeshActor Name:SkeletalMeshActor_UAID_B00CD162E1E7C02302_1254629255 Label:Anim_BrokenLegsPose01 SpatiallyLoaded:1 Bounds:IsValid=true, Min=(X=1563.044 Y=705.823 Z=-7.218), Max=(X=1638.076 Y=900.906 Z=35.667) RuntimeGrid:None EditorOnly:0 RuntimeOnly:0 HLODRelevant:0
 |   |   |- Guid:6BAF4DDD444C60371492D3919DB42C97 BaseClass: NativeClass:/Script/Engine.WorldDataLayers Name:WorldDataLayers Label:WorldDataLayers SpatiallyLoaded:0 Bounds:IsValid=true, Min=(X=0.000 Y=0.000 Z=0.000), Max=(X=0.000 Y=0.000 Z=0.000) RuntimeGrid:None EditorOnly:0 RuntimeOnly:0 HLODRelevant:0
 |   |   |- Guid:738F54E54C17F37138AE84A6DD010C5F BaseClass: NativeClass:/Script/Engine.SkeletalMeshActor Name:SkeletalMeshActor_UAID_B00CD162E1E7C02302_1273321259 Label:Anim_BrokenLegsSlowForward01 SpatiallyLoaded:1 Bounds:IsValid=true, Min=(X=2172.439 Y=991.508 Z=-7.394), Max=(X=2236.931 Y=1208.404 Z=41.502) RuntimeGrid:None EditorOnly:0 RuntimeOnly:0 HLODRelevant:0
 |   |   |- Guid:77563B1F4B5DFC2DBA35B19E72A909AE BaseClass: NativeClass:/Script/Engine.SkeletalMeshActor Name:SkeletalMeshActor_UAID_B00CD162E1E7C02302_1320377271 Label:Anim_CrawlFastRight02 SpatiallyLoaded:1 Bounds:IsValid=true, Min=(X=506.899 Y=1990.637 Z=-5.333), Max=(X=671.643 Y=2076.294 Z=69.525) RuntimeGrid:None EditorOnly:0 RuntimeOnly:0 HLODRelevant:0
 |   |   |- Guid:974EEC92484DF60CE4D9AE9A406BAA18 BaseClass: NativeClass:/Script/Engine.SkeletalMeshActor Name:SkeletalMeshActor_UAID_B00CD162E1E7C02302_1315100269 Label:Anim_CrawlFastForwardRight02 SpatiallyLoaded:1 Bounds:IsValid=true, Min=(X=526.829 Y=2170.435 Z=-5.337), Max=(X=669.524 Y=2272.993 Z=69.444) RuntimeGrid:None EditorOnly:0 RuntimeOnly:0 HLODRelevant:0
 |   |   |- Guid:A3914D394625808A77F18E9A3F8E4EFB BaseClass: NativeClass:/Script/Engine.SkeletalMeshActor Name:SkeletalMeshActor_UAID_B00CD162E1E7C02302_1283215263 Label:Anim_BrokenLegsSlowRight01 SpatiallyLoaded:1 Bounds:IsValid=true, Min=(X=1864.437 Y=856.648 Z=-7.430), Max=(X=2081.413 Y=921.028 Z=42.618) RuntimeGrid:None EditorOnly:0 RuntimeOnly:0 HLODRelevant:0
 |   |   |- Guid:A3BAF198467B422305DA01BF3D6AAEB6 BaseClass: NativeClass:/Script/Engine.SkeletalMeshActor Name:SkeletalMeshActor_UAID_B00CD162E1E7C02302_1220928251 Label:Anim_BrokenLegsFastForwardLeft01 SpatiallyLoaded:1 Bounds:IsValid=true, Min=(X=921.815 Y=975.709 Z=-7.387), Max=(X=1093.300 Y=1158.712 Z=41.495) RuntimeGrid:None EditorOnly:0 RuntimeOnly:0 HLODRelevant:0
 |   |   |- Guid:A8171AB54202F8E498E2E28E3FD0EF8A BaseClass: NativeClass:/Script/Engine.SkeletalMeshActor Name:SkeletalMeshActor_UAID_B00CD162E1E7C02302_1317566270 Label:Anim_CrawlFastLeft02 SpatiallyLoaded:1 Bounds:IsValid=true, Min=(X=942.496 Y=1980.872 Z=-5.347), Max=(X=1107.085 Y=2066.415 Z=69.492) RuntimeGrid:None EditorOnly:0 RuntimeOnly:0 HLODRelevant:0
 |   |   |- Guid:B785ED2844B84CFB91E7F39FE661CD99 BaseClass: NativeClass:/Script/Engine.DirectionalLight Name:DirectionalLight_0 Label:DirectionalLight SpatiallyLoaded:0 Bounds:IsValid=true, Min=(X=-4398046511104.000 Y=-4398046511104.000 Z=-4398046511104.000), Max=(X=4398046511104.000 Y=4398046511104.000 Z=4398046511104.000) RuntimeGrid:None EditorOnly:0 RuntimeOnly:0 HLODRelevant:0 FolderPath:Lighting FolderGuid:963EC3EB4002CCE9759E2EBA541A873A
 |   |   |- Guid:CC9B0B184FDEDE3F606FC0BCA1473C36 BaseClass: NativeClass:/Script/Engine.SkeletalMeshActor Name:SkeletalMeshActor_UAID_B00CD162E1E7C02302_1227549254 Label:Anim_BrokenLegsFastRight01 SpatiallyLoaded:1 Bounds:IsValid=true, Min=(X=473.946 Y=845.863 Z=-6.346), Max=(X=697.734 Y=914.228 Z=41.994) RuntimeGrid:None EditorOnly:0 RuntimeOnly:0 HLODRelevant:0
 |   |   |- Guid:CCFF262C46EEFFDF319E7F9539CE697E BaseClass: NativeClass:/Script/Engine.SkyAtmosphere Name:SkyAtmosphere_0 Label:SkyAtmosphere SpatiallyLoaded:0 Bounds:IsValid=true, Min=(X=0.000 Y=0.000 Z=1020.000), Max=(X=0.000 Y=0.000 Z=1020.000) RuntimeGrid:None EditorOnly:0 RuntimeOnly:0 HLODRelevant:0 FolderPath:Lighting FolderGuid:963EC3EB4002CCE9759E2EBA541A873A
 |   |   |- Guid:CFCBFDAB41EB97F9248608B52BAEB000 BaseClass: NativeClass:/Script/Engine.SkeletalMeshActor Name:SkeletalMeshActor_UAID_B00CD162E1E7C02302_1302235264 Label:Anim_CrawlFastBackward02 SpatiallyLoaded:1 Bounds:IsValid=true, Min=(X=768.733 Y=1727.267 Z=-5.323), Max=(X=856.893 Y=1888.974 Z=65.551) RuntimeGrid:None EditorOnly:0 RuntimeOnly:0 HLODRelevant:0
 |   |   |- Guid:D14137504ADD861A6C1C8C9BFCECF176 BaseClass: NativeClass:/Script/Engine.SkeletalMeshActor Name:SkeletalMeshActor_UAID_B00CD162E1E7C02302_1218983250 Label:Anim_BrokenLegsFastForward01 SpatiallyLoaded:1 Bounds:IsValid=true, Min=(X=777.442 Y=972.508 Z=-7.389), Max=(X=839.061 Y=1196.357 Z=41.495) RuntimeGrid:None EditorOnly:0 RuntimeOnly:0 HLODRelevant:0
 |   |   |- Guid:D2F663B94FB955A965C2EBB0D1EDC283 BaseClass: NativeClass:/Script/Engine.SkeletalMeshActor Name:SkeletalMeshActor_UAID_B00CD162E1E7C02302_1275507260 Label:Anim_BrokenLegsSlowForwardLeft01 SpatiallyLoaded:1 Bounds:IsValid=true, Min=(X=2315.862 Y=985.081 Z=-7.399), Max=(X=2491.964 Y=1154.417 Z=41.719) RuntimeGrid:None EditorOnly:0 RuntimeOnly:0 HLODRelevant:0
 |   |   |- Guid:D8ECCD33477137D931894F86D80FC43B BaseClass: NativeClass:/Script/Engine.SkeletalMeshActor Name:SkeletalMeshActor_UAID_B00CD162E1E7C02302_1222867252 Label:Anim_BrokenLegsFastForwardRight01 SpatiallyLoaded:1 Bounds:IsValid=true, Min=(X=493.683 Y=1001.710 Z=-7.414), Max=(X=665.180 Y=1184.559 Z=41.957) RuntimeGrid:None EditorOnly:0 RuntimeOnly:0 HLODRelevant:0
 |   |   |- Guid:E71A6BE4437CF0BBADE14AAA69A86F6E BaseClass: NativeClass:/Script/Engine.SkeletalMeshActor Name:SkeletalMeshActor_UAID_B00CD162E1E7C02302_1208075248 Label:Anim_BrokenLegsFastBackwardLeft01 SpatiallyLoaded:1 Bounds:IsValid=true, Min=(X=942.079 Y=502.328 Z=-7.406), Max=(X=1114.364 Y=682.766 Z=41.974) RuntimeGrid:None EditorOnly:0 RuntimeOnly:0 HLODRelevant:0
 |   |   |- Guid:EC4E0C944CE6AC6E784BC6BB2916EA13 BaseClass: NativeClass:/Script/Engine.StaticMeshActor Name:StaticMeshActor_UAID_A4AE111137DC5EFB00_1110535423 Label:SM_SkySphere SpatiallyLoaded:0 Bounds:IsValid=true, Min=(X=-1638400.000 Y=-1638400.000 Z=-1638400.000), Max=(X=1638400.000 Y=1638400.000 Z=1638400.000) RuntimeGrid:None EditorOnly:0 RuntimeOnly:0 HLODRelevant:1 FolderPath:Lighting FolderGuid:963EC3EB4002CCE9759E2EBA541A873A
 |   |   |- Guid:F1924B8D48954B30891B2DB6A694F9CC BaseClass: NativeClass:/Script/Engine.StaticMeshActor Name:StaticMeshActor_1 Label:SM_Cube SpatiallyLoaded:1 Bounds:IsValid=true, Min=(X=0.000 Y=0.000 Z=-50.000), Max=(X=6300.000 Y=4690.000 Z=0.000) RuntimeGrid:None EditorOnly:0 RuntimeOnly:0 HLODRelevant:1 FolderPath:Playground FolderGuid:C73F09FC4215536B1DCE2A9E0A830C70
 |   |   |- Guid:F527320D4CBE6C24FE719289D22C0B71 BaseClass: NativeClass:/Script/Engine.SkeletalMeshActor Name:SkeletalMeshActor_UAID_B00CD162E1E7C02302_1225696253 Label:Anim_BrokenLegsFastLeft01 SpatiallyLoaded:1 Bounds:IsValid=true, Min=(X=932.259 Y=840.851 Z=-6.318), Max=(X=1155.888 Y=909.240 Z=41.666) RuntimeGrid:None EditorOnly:0 RuntimeOnly:0 HLODRelevant:0
 |   |   |- Guid:F5E3FEB3450C49844FD93DA8E083C8AD BaseClass: NativeClass:/Script/Engine.PostProcessVolume Name:PostProcessVolume_0 Label:PostProcessVolume SpatiallyLoaded:0 Bounds:IsValid=true, Min=(X=0.000 Y=0.000 Z=400.000), Max=(X=200.000 Y=200.000 Z=600.000) RuntimeGrid:None EditorOnly:0 RuntimeOnly:0 HLODRelevant:0 FolderPath:Lighting FolderGuid:963EC3EB4002CCE9759E2EBA541A873A
 |   |   |- Guid:F82DAFB74361777873A2AC9F1242520C BaseClass: NativeClass:/Script/Engine.SkeletalMeshActor Name:SkeletalMeshActor_UAID_B00CD162E1E7C02302_1262308256 Label:Anim_BrokenLegsSlowBackward01 SpatiallyLoaded:1 Bounds:IsValid=true, Min=(X=2175.439 Y=508.019 Z=-7.394), Max=(X=2239.934 Y=724.915 Z=41.502) RuntimeGrid:None EditorOnly:0 RuntimeOnly:0 HLODRelevant:0
 |   |- [+] Clusters:
 |   |   |- [+] [  0]
 |   |   |   |- Guid:EC4E0C944CE6AC6E784BC6BB2916EA13 BaseClass: NativeClass:/Script/Engine.StaticMeshActor Name:StaticMeshActor_UAID_A4AE111137DC5EFB00_1110535423 Label:SM_SkySphere SpatiallyLoaded:0 Bounds:IsValid=true, Min=(X=-1638400.000 Y=-1638400.000 Z=-1638400.000), Max=(X=1638400.000 Y=1638400.000 Z=1638400.000) RuntimeGrid:None EditorOnly:0 RuntimeOnly:0 HLODRelevant:1 FolderPath:Lighting FolderGuid:963EC3EB4002CCE9759E2EBA541A873A
 |   |   |- [+] [  1]
 |   |   |   |- Guid:3A00AA1C422CE54C0BDB60BAF471BFBB BaseClass: NativeClass:/Script/Engine.PlayerStart Name:PlayerStart_0 Label:PlayerStart SpatiallyLoaded:0 Bounds:IsValid=true, Min=(X=860.000 Y=1070.000 Z=0.013), Max=(X=940.000 Y=1150.000 Z=184.013) RuntimeGrid:None EditorOnly:0 RuntimeOnly:0 HLODRelevant:0
 |   |   |- [+] [  2]
 |   |   |   |- Guid:CCFF262C46EEFFDF319E7F9539CE697E BaseClass: NativeClass:/Script/Engine.SkyAtmosphere Name:SkyAtmosphere_0 Label:SkyAtmosphere SpatiallyLoaded:0 Bounds:IsValid=true, Min=(X=0.000 Y=0.000 Z=1020.000), Max=(X=0.000 Y=0.000 Z=1020.000) RuntimeGrid:None EditorOnly:0 RuntimeOnly:0 HLODRelevant:0 FolderPath:Lighting FolderGuid:963EC3EB4002CCE9759E2EBA541A873A
 |   |   |- [+] [  3]
 |   |   |   |- Guid:B785ED2844B84CFB91E7F39FE661CD99 BaseClass: NativeClass:/Script/Engine.DirectionalLight Name:DirectionalLight_0 Label:DirectionalLight SpatiallyLoaded:0 Bounds:IsValid=true, Min=(X=-4398046511104.000 Y=-4398046511104.000 Z=-4398046511104.000), Max=(X=4398046511104.000 Y=4398046511104.000 Z=4398046511104.000) RuntimeGrid:None EditorOnly:0 RuntimeOnly:0 HLODRelevant:0 FolderPath:Lighting FolderGuid:963EC3EB4002CCE9759E2EBA541A873A
 |   |   |- [+] [  4]
 |   |   |   |- Guid:F1924B8D48954B30891B2DB6A694F9CC BaseClass: NativeClass:/Script/Engine.StaticMeshActor Name:StaticMeshActor_1 Label:SM_Cube SpatiallyLoaded:1 Bounds:IsValid=true, Min=(X=0.000 Y=0.000 Z=-50.000), Max=(X=6300.000 Y=4690.000 Z=0.000) RuntimeGrid:None EditorOnly:0 RuntimeOnly:0 HLODRelevant:1 FolderPath:Playground FolderGuid:C73F09FC4215536B1DCE2A9E0A830C70
 |   |   |- [+] [  5]
 |   |   |   |- Guid:5B97F4A64FB21F77EFC44386BF705B4C BaseClass: NativeClass:/Script/Engine.TextRenderActor Name:TextRenderActor_1 Label:TextRenderActor SpatiallyLoaded:1 Bounds:IsValid=true, Min=(X=-0.100 Y=1100.000 Z=65.013), Max=(X=-0.100 Y=2392.308 Z=215.013) RuntimeGrid:None EditorOnly:0 RuntimeOnly:0 HLODRelevant:0
 |   |   |- [+] [  6]
 |   |   |   |- Guid:4D3BE93F4146AAAC8BBE79999D96D57F BaseClass: NativeClass:/Script/Engine.VolumetricCloud Name:VolumetricCloud_0 Label:VolumetricCloud SpatiallyLoaded:0 Bounds:IsValid=true, Min=(X=0.000 Y=0.000 Z=820.000), Max=(X=0.000 Y=0.000 Z=820.000) RuntimeGrid:None EditorOnly:0 RuntimeOnly:0 HLODRelevant:0 FolderPath:Lighting FolderGuid:963EC3EB4002CCE9759E2EBA541A873A
 |   |   |- [+] [  7]
 |   |   |   |- Guid:316CF2A6494ACA4C0E4180A87D36AB8F BaseClass: NativeClass:/Script/Engine.ExponentialHeightFog Name:ExponentialHeightFog_0 Label:ExponentialHeightFog SpatiallyLoaded:0 Bounds:IsValid=true, Min=(X=-5600.000 Y=-50.000 Z=-6850.000), Max=(X=-5600.000 Y=-50.000 Z=-6850.000) RuntimeGrid:None EditorOnly:0 RuntimeOnly:0 HLODRelevant:0 FolderPath:Lighting FolderGuid:963EC3EB4002CCE9759E2EBA541A873A
 |   |   |- [+] [  8]
 |   |   |   |- Guid:6BAF4DDD444C60371492D3919DB42C97 BaseClass: NativeClass:/Script/Engine.WorldDataLayers Name:WorldDataLayers Label:WorldDataLayers SpatiallyLoaded:0 Bounds:IsValid=true, Min=(X=0.000 Y=0.000 Z=0.000), Max=(X=0.000 Y=0.000 Z=0.000) RuntimeGrid:None EditorOnly:0 RuntimeOnly:0 HLODRelevant:0
 |   |   |- [+] [  9]
 |   |   |   |- Guid:F5E3FEB3450C49844FD93DA8E083C8AD BaseClass: NativeClass:/Script/Engine.PostProcessVolume Name:PostProcessVolume_0 Label:PostProcessVolume SpatiallyLoaded:0 Bounds:IsValid=true, Min=(X=0.000 Y=0.000 Z=400.000), Max=(X=200.000 Y=200.000 Z=600.000) RuntimeGrid:None EditorOnly:0 RuntimeOnly:0 HLODRelevant:0 FolderPath:Lighting FolderGuid:963EC3EB4002CCE9759E2EBA541A873A
 |   |   |- [+] [ 10]
 |   |   |   |- Guid:2FB58999456391D349DC0F86DAC136ED BaseClass: NativeClass:/Script/Engine.SkyLight Name:SkyLight_1 Label:SkyLight SpatiallyLoaded:0 Bounds:IsValid=true, Min=(X=0.000 Y=0.000 Z=690.000), Max=(X=0.000 Y=0.000 Z=690.000) RuntimeGrid:None EditorOnly:0 RuntimeOnly:0 HLODRelevant:0 FolderPath:Lighting FolderGuid:963EC3EB4002CCE9759E2EBA541A873A
 |   |   |- [+] [ 11]
 |   |   |   |- Guid:2CB8DEC649859333F1AD56AF7A922192 BaseClass: NativeClass:/Script/Engine.SkeletalMeshActor Name:SkeletalMeshActor_UAID_B00CD162E1E7C02302_1201750247 Label:Anim_BrokenLegsFastBackward01 SpatiallyLoaded:1 Bounds:IsValid=true, Min=(X=767.441 Y=474.018 Z=-7.371), Max=(X=830.588 Y=696.406 Z=41.502) RuntimeGrid:None EditorOnly:0 RuntimeOnly:0 HLODRelevant:0
 |   |   |- [+] [ 12]
 |   |   |   |- Guid:E71A6BE4437CF0BBADE14AAA69A86F6E BaseClass: NativeClass:/Script/Engine.SkeletalMeshActor Name:SkeletalMeshActor_UAID_B00CD162E1E7C02302_1208075248 Label:Anim_BrokenLegsFastBackwardLeft01 SpatiallyLoaded:1 Bounds:IsValid=true, Min=(X=942.079 Y=502.328 Z=-7.406), Max=(X=1114.364 Y=682.766 Z=41.974) RuntimeGrid:None EditorOnly:0 RuntimeOnly:0 HLODRelevant:0
 |   |   |- [+] [ 13]
 |   |   |   |- Guid:20316B7C4ED62CFC3F89CFB1C15996A0 BaseClass: NativeClass:/Script/Engine.SkeletalMeshActor Name:SkeletalMeshActor_UAID_B00CD162E1E7C02302_1213537249 Label:Anim_BrokenLegsFastBackwardRight01 SpatiallyLoaded:1 Bounds:IsValid=true, Min=(X=464.631 Y=485.327 Z=-7.377), Max=(X=636.884 Y=665.915 Z=41.502) RuntimeGrid:None EditorOnly:0 RuntimeOnly:0 HLODRelevant:0
 |   |   |- [+] [ 14]
 |   |   |   |- Guid:D14137504ADD861A6C1C8C9BFCECF176 BaseClass: NativeClass:/Script/Engine.SkeletalMeshActor Name:SkeletalMeshActor_UAID_B00CD162E1E7C02302_1218983250 Label:Anim_BrokenLegsFastForward01 SpatiallyLoaded:1 Bounds:IsValid=true, Min=(X=777.442 Y=972.508 Z=-7.389), Max=(X=839.061 Y=1196.357 Z=41.495) RuntimeGrid:None EditorOnly:0 RuntimeOnly:0 HLODRelevant:0
 |   |   |- [+] [ 15]
 |   |   |   |- Guid:A3BAF198467B422305DA01BF3D6AAEB6 BaseClass: NativeClass:/Script/Engine.SkeletalMeshActor Name:SkeletalMeshActor_UAID_B00CD162E1E7C02302_1220928251 Label:Anim_BrokenLegsFastForwardLeft01 SpatiallyLoaded:1 Bounds:IsValid=true, Min=(X=921.815 Y=975.709 Z=-7.387), Max=(X=1093.300 Y=1158.712 Z=41.495) RuntimeGrid:None EditorOnly:0 RuntimeOnly:0 HLODRelevant:0
 |   |   |- [+] [ 16]
 |   |   |   |- Guid:D8ECCD33477137D931894F86D80FC43B BaseClass: NativeClass:/Script/Engine.SkeletalMeshActor Name:SkeletalMeshActor_UAID_B00CD162E1E7C02302_1222867252 Label:Anim_BrokenLegsFastForwardRight01 SpatiallyLoaded:1 Bounds:IsValid=true, Min=(X=493.683 Y=1001.710 Z=-7.414), Max=(X=665.180 Y=1184.559 Z=41.957) RuntimeGrid:None EditorOnly:0 RuntimeOnly:0 HLODRelevant:0
 |   |   |- [+] [ 17]
 |   |   |   |- Guid:F527320D4CBE6C24FE719289D22C0B71 BaseClass: NativeClass:/Script/Engine.SkeletalMeshActor Name:SkeletalMeshActor_UAID_B00CD162E1E7C02302_1225696253 Label:Anim_BrokenLegsFastLeft01 SpatiallyLoaded:1 Bounds:IsValid=true, Min=(X=932.259 Y=840.851 Z=-6.318), Max=(X=1155.888 Y=909.240 Z=41.666) RuntimeGrid:None EditorOnly:0 RuntimeOnly:0 HLODRelevant:0
 |   |   |- [+] [ 18]
 |   |   |   |- Guid:CC9B0B184FDEDE3F606FC0BCA1473C36 BaseClass: NativeClass:/Script/Engine.SkeletalMeshActor Name:SkeletalMeshActor_UAID_B00CD162E1E7C02302_1227549254 Label:Anim_BrokenLegsFastRight01 SpatiallyLoaded:1 Bounds:IsValid=true, Min=(X=473.946 Y=845.863 Z=-6.346), Max=(X=697.734 Y=914.228 Z=41.994) RuntimeGrid:None EditorOnly:0 RuntimeOnly:0 HLODRelevant:0
 |   |   |- [+] [ 19]
 |   |   |   |- Guid:5EEB552D4AD8248E52B3ADAEBA1E37BB BaseClass: NativeClass:/Script/Engine.SkeletalMeshActor Name:SkeletalMeshActor_UAID_B00CD162E1E7C02302_1254629255 Label:Anim_BrokenLegsPose01 SpatiallyLoaded:1 Bounds:IsValid=true, Min=(X=1563.044 Y=705.823 Z=-7.218), Max=(X=1638.076 Y=900.906 Z=35.667) RuntimeGrid:None EditorOnly:0 RuntimeOnly:0 HLODRelevant:0
 |   |   |- [+] [ 20]
 |   |   |   |- Guid:F82DAFB74361777873A2AC9F1242520C BaseClass: NativeClass:/Script/Engine.SkeletalMeshActor Name:SkeletalMeshActor_UAID_B00CD162E1E7C02302_1262308256 Label:Anim_BrokenLegsSlowBackward01 SpatiallyLoaded:1 Bounds:IsValid=true, Min=(X=2175.439 Y=508.019 Z=-7.394), Max=(X=2239.934 Y=724.915 Z=41.502) RuntimeGrid:None EditorOnly:0 RuntimeOnly:0 HLODRelevant:0
 |   |   |- [+] [ 21]
 |   |   |   |- Guid:132C0447424DFABA419CB0B7F3DDBC97 BaseClass: NativeClass:/Script/Engine.SkeletalMeshActor Name:SkeletalMeshActor_UAID_B00CD162E1E7C02302_1265478257 Label:Anim_BrokenLegsSlowBackwardLeft01 SpatiallyLoaded:1 Bounds:IsValid=true, Min=(X=2349.249 Y=525.340 Z=-7.402), Max=(X=2515.443 Y=704.029 Z=41.992) RuntimeGrid:None EditorOnly:0 RuntimeOnly:0 HLODRelevant:0
 |   |   |- [+] [ 22]
 |   |   |   |- Guid:1EF91DCC4A1D93B69AD608AA37B14A2B BaseClass: NativeClass:/Script/Engine.SkeletalMeshActor Name:SkeletalMeshActor_UAID_B00CD162E1E7C02302_1268621258 Label:Anim_BrokenLegsSlowBackwardRight01 SpatiallyLoaded:1 Bounds:IsValid=true, Min=(X=1874.555 Y=525.336 Z=-7.390), Max=(X=2040.713 Y=704.173 Z=41.500) RuntimeGrid:None EditorOnly:0 RuntimeOnly:0 HLODRelevant:0
 |   |   |- [+] [ 23]
 |   |   |   |- Guid:738F54E54C17F37138AE84A6DD010C5F BaseClass: NativeClass:/Script/Engine.SkeletalMeshActor Name:SkeletalMeshActor_UAID_B00CD162E1E7C02302_1273321259 Label:Anim_BrokenLegsSlowForward01 SpatiallyLoaded:1 Bounds:IsValid=true, Min=(X=2172.439 Y=991.508 Z=-7.394), Max=(X=2236.931 Y=1208.404 Z=41.502) RuntimeGrid:None EditorOnly:0 RuntimeOnly:0 HLODRelevant:0
 |   |   |- [+] [ 24]
 |   |   |   |- Guid:D2F663B94FB955A965C2EBB0D1EDC283 BaseClass: NativeClass:/Script/Engine.SkeletalMeshActor Name:SkeletalMeshActor_UAID_B00CD162E1E7C02302_1275507260 Label:Anim_BrokenLegsSlowForwardLeft01 SpatiallyLoaded:1 Bounds:IsValid=true, Min=(X=2315.862 Y=985.081 Z=-7.399), Max=(X=2491.964 Y=1154.417 Z=41.719) RuntimeGrid:None EditorOnly:0 RuntimeOnly:0 HLODRelevant:0
 |   |   |- [+] [ 25]
 |   |   |   |- Guid:01ED6FA34909773B33D656A1E3DF42F8 BaseClass: NativeClass:/Script/Engine.SkeletalMeshActor Name:SkeletalMeshActor_UAID_B00CD162E1E7C02302_1278337261 Label:Anim_BrokenLegsSlowForwardRight01 SpatiallyLoaded:1 Bounds:IsValid=true, Min=(X=1887.903 Y=1014.078 Z=-7.397), Max=(X=2064.139 Y=1183.384 Z=41.505) RuntimeGrid:None EditorOnly:0 RuntimeOnly:0 HLODRelevant:0
 |   |   |- [+] [ 26]
 |   |   |   |- Guid:038849A94674E0CD0EAECD924DFB72D7 BaseClass: NativeClass:/Script/Engine.SkeletalMeshActor Name:SkeletalMeshActor_UAID_B00CD162E1E7C02302_1281082262 Label:Anim_BrokenLegsSlowLeft01 SpatiallyLoaded:1 Bounds:IsValid=true, Min=(X=2311.580 Y=860.620 Z=-7.381), Max=(X=2528.414 Y=925.039 Z=41.494) RuntimeGrid:None EditorOnly:0 RuntimeOnly:0 HLODRelevant:0
 |   |   |- [+] [ 27]
 |   |   |   |- Guid:A3914D394625808A77F18E9A3F8E4EFB BaseClass: NativeClass:/Script/Engine.SkeletalMeshActor Name:SkeletalMeshActor_UAID_B00CD162E1E7C02302_1283215263 Label:Anim_BrokenLegsSlowRight01 SpatiallyLoaded:1 Bounds:IsValid=true, Min=(X=1864.437 Y=856.648 Z=-7.430), Max=(X=2081.413 Y=921.028 Z=42.618) RuntimeGrid:None EditorOnly:0 RuntimeOnly:0 HLODRelevant:0
 |   |   |- [+] [ 28]
 |   |   |   |- Guid:CFCBFDAB41EB97F9248608B52BAEB000 BaseClass: NativeClass:/Script/Engine.SkeletalMeshActor Name:SkeletalMeshActor_UAID_B00CD162E1E7C02302_1302235264 Label:Anim_CrawlFastBackward02 SpatiallyLoaded:1 Bounds:IsValid=true, Min=(X=768.733 Y=1727.267 Z=-5.323), Max=(X=856.893 Y=1888.974 Z=65.551) RuntimeGrid:None EditorOnly:0 RuntimeOnly:0 HLODRelevant:0
 |   |   |- [+] [ 29]
 |   |   |   |- Guid:27B87DA245B11C1ABB998BB831403B39 BaseClass: NativeClass:/Script/Engine.SkeletalMeshActor Name:SkeletalMeshActor_UAID_B00CD162E1E7C02302_1304788265 Label:Anim_CrawlFastBackwardLeft02 SpatiallyLoaded:1 Bounds:IsValid=true, Min=(X=952.126 Y=1756.538 Z=-5.320), Max=(X=1099.156 Y=1851.468 Z=65.659) RuntimeGrid:None EditorOnly:0 RuntimeOnly:0 HLODRelevant:0
 |   |   |- [+] [ 30]
 |   |   |   |- Guid:59C8F7274270587FFF5970993D16FB5D BaseClass: NativeClass:/Script/Engine.SkeletalMeshActor Name:SkeletalMeshActor_UAID_B00CD162E1E7C02302_1307422266 Label:Anim_CrawlFastBackwardRight02 SpatiallyLoaded:1 Bounds:IsValid=true, Min=(X=538.126 Y=1729.581 Z=-5.338), Max=(X=646.058 Y=1870.222 Z=65.476) RuntimeGrid:None EditorOnly:0 RuntimeOnly:0 HLODRelevant:0
 |   |   |- [+] [ 31]
 |   |   |   |- Guid:490A4FE24DEC18DD58B20DBCCFF8D436 BaseClass: NativeClass:/Script/Engine.SkeletalMeshActor Name:SkeletalMeshActor_UAID_B00CD162E1E7C02302_1310627267 Label:Anim_CrawlFastForward02 SpatiallyLoaded:1 Bounds:IsValid=true, Min=(X=766.733 Y=2139.976 Z=-5.330), Max=(X=854.891 Y=2302.614 Z=69.498) RuntimeGrid:None EditorOnly:0 RuntimeOnly:0 HLODRelevant:0
 |   |   |- [+] [ 32]
 |   |   |   |- Guid:41F050A947248762A14F5792E3FE7A0E BaseClass: NativeClass:/Script/Engine.SkeletalMeshActor Name:SkeletalMeshActor_UAID_B00CD162E1E7C02302_1312794268 Label:Anim_CrawlFastForwardLeft02 SpatiallyLoaded:1 Bounds:IsValid=true, Min=(X=972.584 Y=2137.882 Z=-5.342), Max=(X=1077.614 Y=2279.185 Z=69.494) RuntimeGrid:None EditorOnly:0 RuntimeOnly:0 HLODRelevant:0
 |   |   |- [+] [ 33]
 |   |   |   |- Guid:974EEC92484DF60CE4D9AE9A406BAA18 BaseClass: NativeClass:/Script/Engine.SkeletalMeshActor Name:SkeletalMeshActor_UAID_B00CD162E1E7C02302_1315100269 Label:Anim_CrawlFastForwardRight02 SpatiallyLoaded:1 Bounds:IsValid=true, Min=(X=526.829 Y=2170.435 Z=-5.337), Max=(X=669.524 Y=2272.993 Z=69.444) RuntimeGrid:None EditorOnly:0 RuntimeOnly:0 HLODRelevant:0
 |   |   |- [+] [ 34]
 |   |   |   |- Guid:A8171AB54202F8E498E2E28E3FD0EF8A BaseClass: NativeClass:/Script/Engine.SkeletalMeshActor Name:SkeletalMeshActor_UAID_B00CD162E1E7C02302_1317566270 Label:Anim_CrawlFastLeft02 SpatiallyLoaded:1 Bounds:IsValid=true, Min=(X=942.496 Y=1980.872 Z=-5.347), Max=(X=1107.085 Y=2066.415 Z=69.492) RuntimeGrid:None EditorOnly:0 RuntimeOnly:0 HLODRelevant:0
 |   |   |- [+] [ 35]
 |   |   |   |- Guid:77563B1F4B5DFC2DBA35B19E72A909AE BaseClass: NativeClass:/Script/Engine.SkeletalMeshActor Name:SkeletalMeshActor_UAID_B00CD162E1E7C02302_1320377271 Label:Anim_CrawlFastRight02 SpatiallyLoaded:1 Bounds:IsValid=true, Min=(X=506.899 Y=1990.637 Z=-5.333), Max=(X=671.643 Y=2076.294 Z=69.525) RuntimeGrid:None EditorOnly:0 RuntimeOnly:0 HLODRelevant:0
 |- ContainerInstances:
 |- [+] MainContainer:
 |   |-        ID: 0x0000000000000000
 |   |-    Bounds: IsValid=false, Min=(X=0.000 Y=0.000 Z=0.000), Max=(X=0.000 Y=0.000 Z=0.000)
 |   |- Transform: 0.000000,0.000000,0.000000|0.000000,0.000000,-0.000000|1.000000,1.000000,1.000000
 |   |- Container: /Game/InjuredWalkPart2/Demo/Maps/ThirdPersonMap
----------------------------------------------------------------------------------------------------------------
ThirdPersonMap - Persistent Level
----------------------------------------------------------------------------------------------------------------
Always loaded Actor Count: 68 

----------------------------------------------------------------------------------------------------------------
ThirdPersonMap - Runtime Spatial Hash - Streaming Grid - MainGrid
----------------------------------------------------------------------------------------------------------------
            Origin: X=0.000 Y=0.000 Z=0.000
         Cell Size: 12800
      World Bounds: IsValid=false, Min=(X=0.000 Y=0.000 Z=0.000), Max=(X=0.000 Y=0.000 Z=0.000)
     Loading Range: 25600.00
Block Slow Loading: No
 ClientOnlyVisible: No

[+] Grid Levels: 1
 |- Level  0: Cell Count    0 | Cell Size   12800 | Actor Count    0 (0.0%)

[+] Content of Grid Level 0

